{"meta": {"format": 3, "version": "7.13.1", "timestamp": "2026-01-10T14:59:53.076733", "branch_coverage": true, "show_contexts": false}, "files": {"openwebui_chat_client/__init__.py": {"executed_lines": [1, 2, 4, 5], "summary": {"covered_lines": 4, "num_statements": 4, "percent_covered": 100.0, "percent_covered_display": "100", "missing_lines": 0, "excluded_lines": 0, "percent_statements_covered": 100.0, "percent_statements_covered_display": "100", "num_branches": 0, "num_partial_branches": 0, "covered_branches": 0, "missing_branches": 0, "percent_branches_covered": 100.0, "percent_branches_covered_display": "100"}, "missing_lines": [], "excluded_lines": [], "executed_branches": [], "missing_branches": [], "functions": {"": {"executed_lines": [1, 2, 4, 5], "summary": {"covered_lines": 4, "num_statements": 4, "percent_covered": 100.0, "percent_covered_display": "100", "missing_lines": 0, "excluded_lines": 0, "percent_statements_covered": 100.0, "percent_statements_covered_display": "100", "num_branches": 0, "num_partial_branches": 0, "covered_branches": 0, "missing_branches": 0, "percent_branches_covered": 100.0, "percent_branches_covered_display": "100"}, "missing_lines": [], "excluded_lines": [], "start_line": 1, "executed_branches": [], "missing_branches": []}}, "classes": {"": {"executed_lines": [1, 2, 4, 5], "summary": {"covered_lines": 4, "num_statements": 4, "percent_covered": 100.0, "percent_covered_display": "100", "missing_lines": 0, "excluded_lines": 0, "percent_statements_covered": 100.0, "percent_statements_covered_display": "100", "num_branches": 0, "num_partial_branches": 0, "covered_branches": 0, "missing_branches": 0, "percent_branches_covered": 100.0, "percent_branches_covered_display": "100"}, "missing_lines": [], "excluded_lines": [], "start_line": 1, "executed_branches": [], "missing_branches": []}}}, "openwebui_chat_client/async_openwebui_client.py": {"executed_lines": [5, 6, 11, 12, 13, 14, 15, 16, 17, 18, 20, 23, 28, 36, 39, 41, 42, 43, 44, 45, 46, 47, 49, 51, 53, 56, 60, 63, 65, 73, 74, 76, 103, 106, 109, 112, 115, 119, 120, 122, 125, 128, 132, 135, 138], "summary": {"covered_lines": 45, "num_statements": 61, "percent_covered": 71.42857142857143, "percent_covered_display": "71", "missing_lines": 16, "excluded_lines": 2, "percent_statements_covered": 73.77049180327869, "percent_statements_covered_display": "74", "num_branches": 2, "num_partial_branches": 0, "covered_branches": 0, "missing_branches": 2, "percent_branches_covered": 0.0, "percent_branches_covered_display": "0"}, "missing_lines": [54, 57, 68, 71, 100, 104, 107, 110, 113, 116, 123, 126, 129, 133, 136, 139], "excluded_lines": [8, 9], "executed_branches": [], "missing_branches": [[68, -65], [68, 71]], "functions": {"AsyncOpenWebUIClient.__init__": {"executed_lines": [36, 39, 41, 42, 43, 44, 45, 46, 47], "summary": {"covered_lines": 9, "num_statements": 9, "percent_covered": 100.0, "percent_covered_display": "100", "missing_lines": 0, "excluded_lines": 0, "percent_statements_covered": 100.0, "percent_statements_covered_display": "100", "num_branches": 0, "num_partial_branches": 0, "covered_branches": 0, "missing_branches": 0, "percent_branches_covered": 100.0, "percent_branches_covered_display": "100"}, "missing_lines": [], "excluded_lines": [], "start_line": 28, "executed_branches": [], "missing_branches": []}, "AsyncOpenWebUIClient.close": {"executed_lines": [51], "summary": {"covered_lines": 1, "num_statements": 1, "percent_covered": 100.0, "percent_covered_display": "100", "missing_lines": 0, "excluded_lines": 0, "percent_statements_covered": 100.0, "percent_statements_covered_display": "100", "num_branches": 0, "num_partial_branches": 0, "covered_branches": 0, "missing_branches": 0, "percent_branches_covered": 100.0, "percent_branches_covered_display": "100"}, "missing_lines": [], "excluded_lines": [], "start_line": 49, "executed_branches": [], "missing_branches": []}, "AsyncOpenWebUIClient.__aenter__": {"executed_lines": [], "summary": {"covered_lines": 0, "num_statements": 1, "percent_covered": 0.0, "percent_covered_display": "0", "missing_lines": 1, "excluded_lines": 0, "percent_statements_covered": 0.0, "percent_statements_covered_display": "0", "num_branches": 0, "num_partial_branches": 0, "covered_branches": 0, "missing_branches": 0, "percent_branches_covered": 100.0, "percent_branches_covered_display": "100"}, "missing_lines": [54], "excluded_lines": [], "start_line": 53, "executed_branches": [], "missing_branches": []}, "AsyncOpenWebUIClient.__aexit__": {"executed_lines": [], "summary": {"covered_lines": 0, "num_statements": 1, "percent_covered": 0.0, "percent_covered_display": "0", "missing_lines": 1, "excluded_lines": 0, "percent_statements_covered": 0.0, "percent_statements_covered_display": "0", "num_branches": 0, "num_partial_branches": 0, "covered_branches": 0, "missing_branches": 0, "percent_branches_covered": 100.0, "percent_branches_covered_display": "100"}, "missing_lines": [57], "excluded_lines": [], "start_line": 56, "executed_branches": [], "missing_branches": []}, "AsyncOpenWebUIClient.chat": {"executed_lines": [63], "summary": {"covered_lines": 1, "num_statements": 1, "percent_covered": 100.0, "percent_covered_display": "100", "missing_lines": 0, "excluded_lines": 0, "percent_statements_covered": 100.0, "percent_statements_covered_display": "100", "num_branches": 0, "num_partial_branches": 0, "covered_branches": 0, "missing_branches": 0, "percent_branches_covered": 100.0, "percent_branches_covered_display": "100"}, "missing_lines": [], "excluded_lines": [], "start_line": 60, "executed_branches": [], "missing_branches": []}, "AsyncOpenWebUIClient.stream_chat": {"executed_lines": [], "summary": {"covered_lines": 0, "num_statements": 2, "percent_covered": 0.0, "percent_covered_display": "0", "missing_lines": 2, "excluded_lines": 0, "percent_statements_covered": 0.0, "percent_statements_covered_display": "0", "num_branches": 2, "num_partial_branches": 0, "covered_branches": 0, "missing_branches": 2, "percent_branches_covered": 0.0, "percent_branches_covered_display": "0"}, "missing_lines": [68, 71], "excluded_lines": [], "start_line": 65, "executed_branches": [], "missing_branches": [[68, -65], [68, 71]]}, "AsyncOpenWebUIClient.list_chats": {"executed_lines": [74], "summary": {"covered_lines": 1, "num_statements": 1, "percent_covered": 100.0, "percent_covered_display": "100", "missing_lines": 0, "excluded_lines": 0, "percent_statements_covered": 100.0, "percent_statements_covered_display": "100", "num_branches": 0, "num_partial_branches": 0, "covered_branches": 0, "missing_branches": 0, "percent_branches_covered": 100.0, "percent_branches_covered_display": "100"}, "missing_lines": [], "excluded_lines": [], "start_line": 73, "executed_branches": [], "missing_branches": []}, "AsyncOpenWebUIClient.delete_all_chats": {"executed_lines": [], "summary": {"covered_lines": 0, "num_statements": 1, "percent_covered": 0.0, "percent_covered_display": "0", "missing_lines": 1, "excluded_lines": 0, "percent_statements_covered": 0.0, "percent_statements_covered_display": "0", "num_branches": 0, "num_partial_branches": 0, "covered_branches": 0, "missing_branches": 0, "percent_branches_covered": 100.0, "percent_branches_covered_display": "100"}, "missing_lines": [100], "excluded_lines": [], "start_line": 76, "executed_branches": [], "missing_branches": []}, "AsyncOpenWebUIClient.list_models": {"executed_lines": [], "summary": {"covered_lines": 0, "num_statements": 1, "percent_covered": 0.0, "percent_covered_display": "0", "missing_lines": 1, "excluded_lines": 0, "percent_statements_covered": 0.0, "percent_statements_covered_display": "0", "num_branches": 0, "num_partial_branches": 0, "covered_branches": 0, "missing_branches": 0, "percent_branches_covered": 100.0, "percent_branches_covered_display": "100"}, "missing_lines": [104], "excluded_lines": [], "start_line": 103, "executed_branches": [], "missing_branches": []}, "AsyncOpenWebUIClient.get_model": {"executed_lines": [], "summary": {"covered_lines": 0, "num_statements": 1, "percent_covered": 0.0, "percent_covered_display": "0", "missing_lines": 1, "excluded_lines": 0, "percent_statements_covered": 0.0, "percent_statements_covered_display": "0", "num_branches": 0, "num_partial_branches": 0, "covered_branches": 0, "missing_branches": 0, "percent_branches_covered": 100.0, "percent_branches_covered_display": "100"}, "missing_lines": [107], "excluded_lines": [], "start_line": 106, "executed_branches": [], "missing_branches": []}, "AsyncOpenWebUIClient.create_model": {"executed_lines": [], "summary": {"covered_lines": 0, "num_statements": 1, "percent_covered": 0.0, "percent_covered_display": "0", "missing_lines": 1, "excluded_lines": 0, "percent_statements_covered": 0.0, "percent_statements_covered_display": "0", "num_branches": 0, "num_partial_branches": 0, "covered_branches": 0, "missing_branches": 0, "percent_branches_covered": 100.0, "percent_branches_covered_display": "100"}, "missing_lines": [110], "excluded_lines": [], "start_line": 109, "executed_branches": [], "missing_branches": []}, "AsyncOpenWebUIClient.update_model": {"executed_lines": [], "summary": {"covered_lines": 0, "num_statements": 1, "percent_covered": 0.0, "percent_covered_display": "0", "missing_lines": 1, "excluded_lines": 0, "percent_statements_covered": 0.0, "percent_statements_covered_display": "0", "num_branches": 0, "num_partial_branches": 0, "covered_branches": 0, "missing_branches": 0, "percent_branches_covered": 100.0, "percent_branches_covered_display": "100"}, "missing_lines": [113], "excluded_lines": [], "start_line": 112, "executed_branches": [], "missing_branches": []}, "AsyncOpenWebUIClient.delete_model": {"executed_lines": [], "summary": {"covered_lines": 0, "num_statements": 1, "percent_covered": 0.0, "percent_covered_display": "0", "missing_lines": 1, "excluded_lines": 0, "percent_statements_covered": 0.0, "percent_statements_covered_display": "0", "num_branches": 0, "num_partial_branches": 0, "covered_branches": 0, "missing_branches": 0, "percent_branches_covered": 100.0, "percent_branches_covered_display": "100"}, "missing_lines": [116], "excluded_lines": [], "start_line": 115, "executed_branches": [], "missing_branches": []}, "AsyncOpenWebUIClient.get_users": {"executed_lines": [120], "summary": {"covered_lines": 1, "num_statements": 1, "percent_covered": 100.0, "percent_covered_display": "100", "missing_lines": 0, "excluded_lines": 0, "percent_statements_covered": 100.0, "percent_statements_covered_display": "100", "num_branches": 0, "num_partial_branches": 0, "covered_branches": 0, "missing_branches": 0, "percent_branches_covered": 100.0, "percent_branches_covered_display": "100"}, "missing_lines": [], "excluded_lines": [], "start_line": 119, "executed_branches": [], "missing_branches": []}, "AsyncOpenWebUIClient.get_user_by_id": {"executed_lines": [], "summary": {"covered_lines": 0, "num_statements": 1, "percent_covered": 0.0, "percent_covered_display": "0", "missing_lines": 1, "excluded_lines": 0, "percent_statements_covered": 0.0, "percent_statements_covered_display": "0", "num_branches": 0, "num_partial_branches": 0, "covered_branches": 0, "missing_branches": 0, "percent_branches_covered": 100.0, "percent_branches_covered_display": "100"}, "missing_lines": [123], "excluded_lines": [], "start_line": 122, "executed_branches": [], "missing_branches": []}, "AsyncOpenWebUIClient.update_user_role": {"executed_lines": [], "summary": {"covered_lines": 0, "num_statements": 1, "percent_covered": 0.0, "percent_covered_display": "0", "missing_lines": 1, "excluded_lines": 0, "percent_statements_covered": 0.0, "percent_statements_covered_display": "0", "num_branches": 0, "num_partial_branches": 0, "covered_branches": 0, "missing_branches": 0, "percent_branches_covered": 100.0, "percent_branches_covered_display": "100"}, "missing_lines": [126], "excluded_lines": [], "start_line": 125, "executed_branches": [], "missing_branches": []}, "AsyncOpenWebUIClient.delete_user": {"executed_lines": [], "summary": {"covered_lines": 0, "num_statements": 1, "percent_covered": 0.0, "percent_covered_display": "0", "missing_lines": 1, "excluded_lines": 0, "percent_statements_covered": 0.0, "percent_statements_covered_display": "0", "num_branches": 0, "num_partial_branches": 0, "covered_branches": 0, "missing_branches": 0, "percent_branches_covered": 100.0, "percent_branches_covered_display": "100"}, "missing_lines": [129], "excluded_lines": [], "start_line": 128, "executed_branches": [], "missing_branches": []}, "AsyncOpenWebUIClient.get_prompts": {"executed_lines": [], "summary": {"covered_lines": 0, "num_statements": 1, "percent_covered": 0.0, "percent_covered_display": "0", "missing_lines": 1, "excluded_lines": 0, "percent_statements_covered": 0.0, "percent_statements_covered_display": "0", "num_branches": 0, "num_partial_branches": 0, "covered_branches": 0, "missing_branches": 0, "percent_branches_covered": 100.0, "percent_branches_covered_display": "100"}, "missing_lines": [133], "excluded_lines": [], "start_line": 132, "executed_branches": [], "missing_branches": []}, "AsyncOpenWebUIClient.get_knowledge_base_by_name": {"executed_lines": [], "summary": {"covered_lines": 0, "num_statements": 1, "percent_covered": 0.0, "percent_covered_display": "0", "missing_lines": 1, "excluded_lines": 0, "percent_statements_covered": 0.0, "percent_statements_covered_display": "0", "num_branches": 0, "num_partial_branches": 0, "covered_branches": 0, "missing_branches": 0, "percent_branches_covered": 100.0, "percent_branches_covered_display": "100"}, "missing_lines": [136], "excluded_lines": [], "start_line": 135, "executed_branches": [], "missing_branches": []}, "AsyncOpenWebUIClient.upload_file": {"executed_lines": [], "summary": {"covered_lines": 0, "num_statements": 1, "percent_covered": 0.0, "percent_covered_display": "0", "missing_lines": 1, "excluded_lines": 0, "percent_statements_covered": 0.0, "percent_statements_covered_display": "0", "num_branches": 0, "num_partial_branches": 0, "covered_branches": 0, "missing_branches": 0, "percent_branches_covered": 100.0, "percent_branches_covered_display": "100"}, "missing_lines": [139], "excluded_lines": [], "start_line": 138, "executed_branches": [], "missing_branches": []}, "": {"executed_lines": [5, 6, 11, 12, 13, 14, 15, 16, 17, 18, 20, 23, 28, 49, 53, 56, 60, 65, 73, 76, 103, 106, 109, 112, 115, 119, 122, 125, 128, 132, 135, 138], "summary": {"covered_lines": 32, "num_statements": 32, "percent_covered": 100.0, "percent_covered_display": "100", "missing_lines": 0, "excluded_lines": 2, "percent_statements_covered": 100.0, "percent_statements_covered_display": "100", "num_branches": 0, "num_partial_branches": 0, "covered_branches": 0, "missing_branches": 0, "percent_branches_covered": 100.0, "percent_branches_covered_display": "100"}, "missing_lines": [], "excluded_lines": [8, 9], "start_line": 1, "executed_branches": [], "missing_branches": []}}, "classes": {"AsyncOpenWebUIClient": {"executed_lines": [36, 39, 41, 42, 43, 44, 45, 46, 47, 51, 63, 74, 120], "summary": {"covered_lines": 13, "num_statements": 29, "percent_covered": 41.935483870967744, "percent_covered_display": "42", "missing_lines": 16, "excluded_lines": 0, "percent_statements_covered": 44.827586206896555, "percent_statements_covered_display": "45", "num_branches": 2, "num_partial_branches": 0, "covered_branches": 0, "missing_branches": 2, "percent_branches_covered": 0.0, "percent_branches_covered_display": "0"}, "missing_lines": [54, 57, 68, 71, 100, 104, 107, 110, 113, 116, 123, 126, 129, 133, 136, 139], "excluded_lines": [], "start_line": 23, "executed_branches": [], "missing_branches": [[68, -65], [68, 71]]}, "": {"executed_lines": [5, 6, 11, 12, 13, 14, 15, 16, 17, 18, 20, 23, 28, 49, 53, 56, 60, 65, 73, 76, 103, 106, 109, 112, 115, 119, 122, 125, 128, 132, 135, 138], "summary": {"covered_lines": 32, "num_statements": 32, "percent_covered": 100.0, "percent_covered_display": "100", "missing_lines": 0, "excluded_lines": 2, "percent_statements_covered": 100.0, "percent_statements_covered_display": "100", "num_branches": 0, "num_partial_branches": 0, "covered_branches": 0, "missing_branches": 0, "percent_branches_covered": 100.0, "percent_branches_covered_display": "100"}, "missing_lines": [], "excluded_lines": [8, 9], "start_line": 1, "executed_branches": [], "missing_branches": []}}}, "openwebui_chat_client/core/__init__.py": {"executed_lines": [], "summary": {"covered_lines": 0, "num_statements": 0, "percent_covered": 100.0, "percent_covered_display": "100", "missing_lines": 0, "excluded_lines": 0, "percent_statements_covered": 100.0, "percent_statements_covered_display": "100", "num_branches": 0, "num_partial_branches": 0, "covered_branches": 0, "missing_branches": 0, "percent_branches_covered": 100.0, "percent_branches_covered_display": "100"}, "missing_lines": [], "excluded_lines": [], "executed_branches": [], "missing_branches": [], "functions": {"": {"executed_lines": [], "summary": {"covered_lines": 0, "num_statements": 0, "percent_covered": 100.0, "percent_covered_display": "100", "missing_lines": 0, "excluded_lines": 0, "percent_statements_covered": 100.0, "percent_statements_covered_display": "100", "num_branches": 0, "num_partial_branches": 0, "covered_branches": 0, "missing_branches": 0, "percent_branches_covered": 100.0, "percent_branches_covered_display": "100"}, "missing_lines": [], "excluded_lines": [], "start_line": 1, "executed_branches": [], "missing_branches": []}}, "classes": {"": {"executed_lines": [], "summary": {"covered_lines": 0, "num_statements": 0, "percent_covered": 100.0, "percent_covered_display": "100", "missing_lines": 0, "excluded_lines": 0, "percent_statements_covered": 100.0, "percent_statements_covered_display": "100", "num_branches": 0, "num_partial_branches": 0, "covered_branches": 0, "missing_branches": 0, "percent_branches_covered": 100.0, "percent_branches_covered_display": "100"}, "missing_lines": [], "excluded_lines": [], "start_line": 1, "executed_branches": [], "missing_branches": []}}}, "openwebui_chat_client/core/async_base_client.py": {"executed_lines": [6, 7, 8, 9, 11, 13, 16, 26, 44, 45, 46, 47, 48, 51, 59, 60, 63, 64, 65, 66, 69, 73, 75, 78, 84, 85, 86, 87, 88, 91, 93, 95, 97, 98, 100, 101, 103, 128, 129, 134, 137, 138, 139, 142, 143, 144, 152, 155, 156, 159, 160, 164, 165, 167, 168, 170, 171, 174, 175, 176, 177, 178, 179, 180, 182, 194, 197, 198, 200, 201, 202, 203, 204, 206, 216, 217, 218, 220, 221, 223, 229, 230, 231, 233, 234, 235, 236, 237, 242, 244, 245, 247, 248, 250, 251, 252, 253, 254, 255, 260], "summary": {"covered_lines": 100, "num_statements": 107, "percent_covered": 92.0863309352518, "percent_covered_display": "92", "missing_lines": 7, "excluded_lines": 0, "percent_statements_covered": 93.45794392523365, "percent_statements_covered_display": "93", "num_branches": 32, "num_partial_branches": 4, "covered_branches": 28, "missing_branches": 4, "percent_branches_covered": 87.5, "percent_branches_covered_display": "88"}, "missing_lines": [70, 135, 238, 239, 240, 257, 258], "excluded_lines": [], "executed_branches": [[59, 60], [59, 63], [63, 64], [63, 69], [65, 66], [69, 73], [134, 137], [138, 139], [138, 142], [142, 143], [142, 155], [143, 144], [143, 152], [155, 156], [155, 159], [159, 160], [159, 164], [197, 198], [197, 200], [216, 217], [216, 220], [233, 234], [233, 237], [244, 245], [244, 247], [250, 251], [250, 260], [252, 253]], "missing_branches": [[65, 69], [69, 70], [134, 135], [252, 257]], "functions": {"AsyncBaseClient.__init__": {"executed_lines": [44, 45, 46, 47, 48, 51, 59, 60, 63, 64, 65, 66, 69, 73, 75, 78, 84, 85, 86, 87, 88, 91], "summary": {"covered_lines": 22, "num_statements": 23, "percent_covered": 90.3225806451613, "percent_covered_display": "90", "missing_lines": 1, "excluded_lines": 0, "percent_statements_covered": 95.65217391304348, "percent_statements_covered_display": "96", "num_branches": 8, "num_partial_branches": 2, "covered_branches": 6, "missing_branches": 2, "percent_branches_covered": 75.0, "percent_branches_covered_display": "75"}, "missing_lines": [70], "excluded_lines": [], "start_line": 26, "executed_branches": [[59, 60], [59, 63], [63, 64], [63, 69], [65, 66], [69, 73]], "missing_branches": [[65, 69], [69, 70]]}, "AsyncBaseClient.close": {"executed_lines": [95], "summary": {"covered_lines": 1, "num_statements": 1, "percent_covered": 100.0, "percent_covered_display": "100", "missing_lines": 0, "excluded_lines": 0, "percent_statements_covered": 100.0, "percent_statements_covered_display": "100", "num_branches": 0, "num_partial_branches": 0, "covered_branches": 0, "missing_branches": 0, "percent_branches_covered": 100.0, "percent_branches_covered_display": "100"}, "missing_lines": [], "excluded_lines": [], "start_line": 93, "executed_branches": [], "missing_branches": []}, "AsyncBaseClient.__aenter__": {"executed_lines": [98], "summary": {"covered_lines": 1, "num_statements": 1, "percent_covered": 100.0, "percent_covered_display": "100", "missing_lines": 0, "excluded_lines": 0, "percent_statements_covered": 100.0, "percent_statements_covered_display": "100", "num_branches": 0, "num_partial_branches": 0, "covered_branches": 0, "missing_branches": 0, "percent_branches_covered": 100.0, "percent_branches_covered_display": "100"}, "missing_lines": [], "excluded_lines": [], "start_line": 97, "executed_branches": [], "missing_branches": []}, "AsyncBaseClient.__aexit__": {"executed_lines": [101], "summary": {"covered_lines": 1, "num_statements": 1, "percent_covered": 100.0, "percent_covered_display": "100", "missing_lines": 0, "excluded_lines": 0, "percent_statements_covered": 100.0, "percent_statements_covered_display": "100", "num_branches": 0, "num_partial_branches": 0, "covered_branches": 0, "missing_branches": 0, "percent_branches_covered": 100.0, "percent_branches_covered_display": "100"}, "missing_lines": [], "excluded_lines": [], "start_line": 100, "executed_branches": [], "missing_branches": []}, "AsyncBaseClient._make_request": {"executed_lines": [128, 129, 134, 137, 138, 139, 142, 143, 144, 152, 155, 156, 159, 160, 164, 165, 167, 168, 170, 171, 174, 175, 176, 177, 178, 179, 180], "summary": {"covered_lines": 27, "num_statements": 28, "percent_covered": 95.0, "percent_covered_display": "95", "missing_lines": 1, "excluded_lines": 0, "percent_statements_covered": 96.42857142857143, "percent_statements_covered_display": "96", "num_branches": 12, "num_partial_branches": 1, "covered_branches": 11, "missing_branches": 1, "percent_branches_covered": 91.66666666666667, "percent_branches_covered_display": "92"}, "missing_lines": [135], "excluded_lines": [], "start_line": 103, "executed_branches": [[134, 137], [138, 139], [138, 142], [142, 143], [142, 155], [143, 144], [143, 152], [155, 156], [155, 159], [159, 160], [159, 164]], "missing_branches": [[134, 135]]}, "AsyncBaseClient._get_json_response": {"executed_lines": [194, 197, 198, 200, 201, 202, 203, 204], "summary": {"covered_lines": 8, "num_statements": 8, "percent_covered": 100.0, "percent_covered_display": "100", "missing_lines": 0, "excluded_lines": 0, "percent_statements_covered": 100.0, "percent_statements_covered_display": "100", "num_branches": 2, "num_partial_branches": 0, "covered_branches": 2, "missing_branches": 0, "percent_branches_covered": 100.0, "percent_branches_covered_display": "100"}, "missing_lines": [], "excluded_lines": [], "start_line": 182, "executed_branches": [[197, 198], [197, 200]], "missing_branches": []}, "AsyncBaseClient._upload_file": {"executed_lines": [216, 217, 218, 220, 221, 223, 229, 230, 231, 233, 234, 235, 236, 237], "summary": {"covered_lines": 14, "num_statements": 17, "percent_covered": 85.71428571428571, "percent_covered_display": "86", "missing_lines": 3, "excluded_lines": 0, "percent_statements_covered": 82.3529411764706, "percent_statements_covered_display": "82", "num_branches": 4, "num_partial_branches": 0, "covered_branches": 4, "missing_branches": 0, "percent_branches_covered": 100.0, "percent_branches_covered_display": "100"}, "missing_lines": [238, 239, 240], "excluded_lines": [], "start_line": 206, "executed_branches": [[216, 217], [216, 220], [233, 234], [233, 237]], "missing_branches": []}, "AsyncBaseClient._get_task_model": {"executed_lines": [244, 245, 247, 248, 250, 251, 252, 253, 254, 255, 260], "summary": {"covered_lines": 11, "num_statements": 13, "percent_covered": 84.21052631578948, "percent_covered_display": "84", "missing_lines": 2, "excluded_lines": 0, "percent_statements_covered": 84.61538461538461, "percent_statements_covered_display": "85", "num_branches": 6, "num_partial_branches": 1, "covered_branches": 5, "missing_branches": 1, "percent_branches_covered": 83.33333333333333, "percent_branches_covered_display": "83"}, "missing_lines": [257, 258], "excluded_lines": [], "start_line": 242, "executed_branches": [[244, 245], [244, 247], [250, 251], [250, 260], [252, 253]], "missing_branches": [[252, 257]]}, "": {"executed_lines": [6, 7, 8, 9, 11, 13, 16, 26, 93, 97, 100, 103, 182, 206, 242], "summary": {"covered_lines": 15, "num_statements": 15, "percent_covered": 100.0, "percent_covered_display": "100", "missing_lines": 0, "excluded_lines": 0, "percent_statements_covered": 100.0, "percent_statements_covered_display": "100", "num_branches": 0, "num_partial_branches": 0, "covered_branches": 0, "missing_branches": 0, "percent_branches_covered": 100.0, "percent_branches_covered_display": "100"}, "missing_lines": [], "excluded_lines": [], "start_line": 1, "executed_branches": [], "missing_branches": []}}, "classes": {"AsyncBaseClient": {"executed_lines": [44, 45, 46, 47, 48, 51, 59, 60, 63, 64, 65, 66, 69, 73, 75, 78, 84, 85, 86, 87, 88, 91, 95, 98, 101, 128, 129, 134, 137, 138, 139, 142, 143, 144, 152, 155, 156, 159, 160, 164, 165, 167, 168, 170, 171, 174, 175, 176, 177, 178, 179, 180, 194, 197, 198, 200, 201, 202, 203, 204, 216, 217, 218, 220, 221, 223, 229, 230, 231, 233, 234, 235, 236, 237, 244, 245, 247, 248, 250, 251, 252, 253, 254, 255, 260], "summary": {"covered_lines": 85, "num_statements": 92, "percent_covered": 91.12903225806451, "percent_covered_display": "91", "missing_lines": 7, "excluded_lines": 0, "percent_statements_covered": 92.3913043478261, "percent_statements_covered_display": "92", "num_branches": 32, "num_partial_branches": 4, "covered_branches": 28, "missing_branches": 4, "percent_branches_covered": 87.5, "percent_branches_covered_display": "88"}, "missing_lines": [70, 135, 238, 239, 240, 257, 258], "excluded_lines": [], "start_line": 16, "executed_branches": [[59, 60], [59, 63], [63, 64], [63, 69], [65, 66], [69, 73], [134, 137], [138, 139], [138, 142], [142, 143], [142, 155], [143, 144], [143, 152], [155, 156], [155, 159], [159, 160], [159, 164], [197, 198], [197, 200], [216, 217], [216, 220], [233, 234], [233, 237], [244, 245], [244, 247], [250, 251], [250, 260], [252, 253]], "missing_branches": [[65, 69], [69, 70], [134, 135], [252, 257]]}, "": {"executed_lines": [6, 7, 8, 9, 11, 13, 16, 26, 93, 97, 100, 103, 182, 206, 242], "summary": {"covered_lines": 15, "num_statements": 15, "percent_covered": 100.0, "percent_covered_display": "100", "missing_lines": 0, "excluded_lines": 0, "percent_statements_covered": 100.0, "percent_statements_covered_display": "100", "num_branches": 0, "num_partial_branches": 0, "covered_branches": 0, "missing_branches": 0, "percent_branches_covered": 100.0, "percent_branches_covered_display": "100"}, "missing_lines": [], "excluded_lines": [], "start_line": 1, "executed_branches": [], "missing_branches": []}}}, "openwebui_chat_client/core/base_client.py": {"executed_lines": [6, 7, 8, 10, 11, 12, 14, 17, 27, 36, 37, 38, 41, 42, 45, 59, 60, 61, 64, 70, 71, 72, 73, 74, 76, 99, 101, 102, 103, 104, 105, 107, 112, 113, 114, 115, 118, 119, 120, 122, 125, 126, 130, 131, 136, 137, 139, 140, 141, 142, 143, 144, 146, 169, 172, 173, 175, 176, 177, 178, 179, 181, 194, 195, 196, 197, 198, 200, 210, 212, 213, 214, 216, 217, 219, 220, 221, 222, 223, 224, 225, 226, 227, 228, 229, 231, 232, 233, 234, 236, 239, 240, 241, 243, 244, 246, 247, 248, 249, 250, 251, 252, 253, 254, 255, 256, 258, 259, 260, 261, 262], "summary": {"covered_lines": 111, "num_statements": 116, "percent_covered": 95.20547945205479, "percent_covered_display": "95", "missing_lines": 5, "excluded_lines": 0, "percent_statements_covered": 95.6896551724138, "percent_statements_covered_display": "96", "num_branches": 30, "num_partial_branches": 2, "covered_branches": 28, "missing_branches": 2, "percent_branches_covered": 93.33333333333333, "percent_branches_covered_display": "93"}, "missing_lines": [121, 230, 263, 264, 265], "excluded_lines": [], "executed_branches": [[102, 103], [102, 104], [104, 105], [104, 118], [105, 107], [105, 112], [113, 114], [113, 115], [118, 119], [118, 125], [120, 122], [125, 126], [125, 130], [172, 173], [172, 175], [194, 195], [194, 198], [195, 194], [195, 196], [212, 213], [212, 216], [229, 231], [240, 241], [240, 243], [243, 244], [243, 246], [253, 254], [253, 258]], "missing_branches": [[120, 121], [229, 230]], "functions": {"BaseClient.__init__": {"executed_lines": [36, 37, 38, 41, 42, 45, 59, 60, 61, 64, 70, 71, 72, 73, 74], "summary": {"covered_lines": 15, "num_statements": 15, "percent_covered": 100.0, "percent_covered_display": "100", "missing_lines": 0, "excluded_lines": 0, "percent_statements_covered": 100.0, "percent_statements_covered_display": "100", "num_branches": 0, "num_partial_branches": 0, "covered_branches": 0, "missing_branches": 0, "percent_branches_covered": 100.0, "percent_branches_covered_display": "100"}, "missing_lines": [], "excluded_lines": [], "start_line": 27, "executed_branches": [], "missing_branches": []}, "BaseClient._make_request": {"executed_lines": [99, 101, 102, 103, 104, 105, 107, 112, 113, 114, 115, 118, 119, 120, 122, 125, 126, 130, 131, 136, 137, 139, 140, 141, 142, 143, 144], "summary": {"covered_lines": 27, "num_statements": 28, "percent_covered": 95.23809523809524, "percent_covered_display": "95", "missing_lines": 1, "excluded_lines": 0, "percent_statements_covered": 96.42857142857143, "percent_statements_covered_display": "96", "num_branches": 14, "num_partial_branches": 1, "covered_branches": 13, "missing_branches": 1, "percent_branches_covered": 92.85714285714286, "percent_branches_covered_display": "93"}, "missing_lines": [121], "excluded_lines": [], "start_line": 76, "executed_branches": [[102, 103], [102, 104], [104, 105], [104, 118], [105, 107], [105, 112], [113, 114], [113, 115], [118, 119], [118, 125], [120, 122], [125, 126], [125, 130]], "missing_branches": [[120, 121]]}, "BaseClient._get_json_response": {"executed_lines": [169, 172, 173, 175, 176, 177, 178, 179], "summary": {"covered_lines": 8, "num_statements": 8, "percent_covered": 100.0, "percent_covered_display": "100", "missing_lines": 0, "excluded_lines": 0, "percent_statements_covered": 100.0, "percent_statements_covered_display": "100", "num_branches": 2, "num_partial_branches": 0, "covered_branches": 2, "missing_branches": 0, "percent_branches_covered": 100.0, "percent_branches_covered_display": "100"}, "missing_lines": [], "excluded_lines": [], "start_line": 146, "executed_branches": [[172, 173], [172, 175]], "missing_branches": []}, "BaseClient._validate_required_params": {"executed_lines": [194, 195, 196, 197, 198], "summary": {"covered_lines": 5, "num_statements": 5, "percent_covered": 100.0, "percent_covered_display": "100", "missing_lines": 0, "excluded_lines": 0, "percent_statements_covered": 100.0, "percent_statements_covered_display": "100", "num_branches": 4, "num_partial_branches": 0, "covered_branches": 4, "missing_branches": 0, "percent_branches_covered": 100.0, "percent_branches_covered_display": "100"}, "missing_lines": [], "excluded_lines": [], "start_line": 181, "executed_branches": [[194, 195], [194, 198], [195, 194], [195, 196]], "missing_branches": []}, "BaseClient._upload_file": {"executed_lines": [210, 212, 213, 214, 216, 217, 219, 220, 221, 222, 223, 224, 225, 226, 227, 228, 229, 231, 232, 233, 234], "summary": {"covered_lines": 21, "num_statements": 22, "percent_covered": 92.3076923076923, "percent_covered_display": "92", "missing_lines": 1, "excluded_lines": 0, "percent_statements_covered": 95.45454545454545, "percent_statements_covered_display": "95", "num_branches": 4, "num_partial_branches": 1, "covered_branches": 3, "missing_branches": 1, "percent_branches_covered": 75.0, "percent_branches_covered_display": "75"}, "missing_lines": [230], "excluded_lines": [], "start_line": 200, "executed_branches": [[212, 213], [212, 216], [229, 231]], "missing_branches": [[229, 230]]}, "BaseClient._get_task_model": {"executed_lines": [239, 240, 241, 243, 244, 246, 247, 248, 249, 250, 251, 252, 253, 254, 255, 256, 258, 259, 260, 261, 262], "summary": {"covered_lines": 21, "num_statements": 24, "percent_covered": 90.0, "percent_covered_display": "90", "missing_lines": 3, "excluded_lines": 0, "percent_statements_covered": 87.5, "percent_statements_covered_display": "88", "num_branches": 6, "num_partial_branches": 0, "covered_branches": 6, "missing_branches": 0, "percent_branches_covered": 100.0, "percent_branches_covered_display": "100"}, "missing_lines": [263, 264, 265], "excluded_lines": [], "start_line": 236, "executed_branches": [[240, 241], [240, 243], [243, 244], [243, 246], [253, 254], [253, 258]], "missing_branches": []}, "": {"executed_lines": [6, 7, 8, 10, 11, 12, 14, 17, 27, 76, 146, 181, 200, 236], "summary": {"covered_lines": 14, "num_statements": 14, "percent_covered": 100.0, "percent_covered_display": "100", "missing_lines": 0, "excluded_lines": 0, "percent_statements_covered": 100.0, "percent_statements_covered_display": "100", "num_branches": 0, "num_partial_branches": 0, "covered_branches": 0, "missing_branches": 0, "percent_branches_covered": 100.0, "percent_branches_covered_display": "100"}, "missing_lines": [], "excluded_lines": [], "start_line": 1, "executed_branches": [], "missing_branches": []}}, "classes": {"BaseClient": {"executed_lines": [36, 37, 38, 41, 42, 45, 59, 60, 61, 64, 70, 71, 72, 73, 74, 99, 101, 102, 103, 104, 105, 107, 112, 113, 114, 115, 118, 119, 120, 122, 125, 126, 130, 131, 136, 137, 139, 140, 141, 142, 143, 144, 169, 172, 173, 175, 176, 177, 178, 179, 194, 195, 196, 197, 198, 210, 212, 213, 214, 216, 217, 219, 220, 221, 222, 223, 224, 225, 226, 227, 228, 229, 231, 232, 233, 234, 239, 240, 241, 243, 244, 246, 247, 248, 249, 250, 251, 252, 253, 254, 255, 256, 258, 259, 260, 261, 262], "summary": {"covered_lines": 97, "num_statements": 102, "percent_covered": 94.6969696969697, "percent_covered_display": "95", "missing_lines": 5, "excluded_lines": 0, "percent_statements_covered": 95.09803921568627, "percent_statements_covered_display": "95", "num_branches": 30, "num_partial_branches": 2, "covered_branches": 28, "missing_branches": 2, "percent_branches_covered": 93.33333333333333, "percent_branches_covered_display": "93"}, "missing_lines": [121, 230, 263, 264, 265], "excluded_lines": [], "start_line": 17, "executed_branches": [[102, 103], [102, 104], [104, 105], [104, 118], [105, 107], [105, 112], [113, 114], [113, 115], [118, 119], [118, 125], [120, 122], [125, 126], [125, 130], [172, 173], [172, 175], [194, 195], [194, 198], [195, 194], [195, 196], [212, 213], [212, 216], [229, 231], [240, 241], [240, 243], [243, 244], [243, 246], [253, 254], [253, 258]], "missing_branches": [[120, 121], [229, 230]]}, "": {"executed_lines": [6, 7, 8, 10, 11, 12, 14, 17, 27, 76, 146, 181, 200, 236], "summary": {"covered_lines": 14, "num_statements": 14, "percent_covered": 100.0, "percent_covered_display": "100", "missing_lines": 0, "excluded_lines": 0, "percent_statements_covered": 100.0, "percent_statements_covered_display": "100", "num_branches": 0, "num_partial_branches": 0, "covered_branches": 0, "missing_branches": 0, "percent_branches_covered": 100.0, "percent_branches_covered_display": "100"}, "missing_lines": [], "excluded_lines": [], "start_line": 1, "executed_branches": [], "missing_branches": []}}}, "openwebui_chat_client/modules/__init__.py": {"executed_lines": [3, 5], "summary": {"covered_lines": 2, "num_statements": 2, "percent_covered": 100.0, "percent_covered_display": "100", "missing_lines": 0, "excluded_lines": 0, "percent_statements_covered": 100.0, "percent_statements_covered_display": "100", "num_branches": 0, "num_partial_branches": 0, "covered_branches": 0, "missing_branches": 0, "percent_branches_covered": 100.0, "percent_branches_covered_display": "100"}, "missing_lines": [], "excluded_lines": [], "executed_branches": [], "missing_branches": [], "functions": {"": {"executed_lines": [3, 5], "summary": {"covered_lines": 2, "num_statements": 2, "percent_covered": 100.0, "percent_covered_display": "100", "missing_lines": 0, "excluded_lines": 0, "percent_statements_covered": 100.0, "percent_statements_covered_display": "100", "num_branches": 0, "num_partial_branches": 0, "covered_branches": 0, "missing_branches": 0, "percent_branches_covered": 100.0, "percent_branches_covered_display": "100"}, "missing_lines": [], "excluded_lines": [], "start_line": 1, "executed_branches": [], "missing_branches": []}}, "classes": {"": {"executed_lines": [3, 5], "summary": {"covered_lines": 2, "num_statements": 2, "percent_covered": 100.0, "percent_covered_display": "100", "missing_lines": 0, "excluded_lines": 0, "percent_statements_covered": 100.0, "percent_statements_covered_display": "100", "num_branches": 0, "num_partial_branches": 0, "covered_branches": 0, "missing_branches": 0, "percent_branches_covered": 100.0, "percent_branches_covered_display": "100"}, "missing_lines": [], "excluded_lines": [], "start_line": 1, "executed_branches": [], "missing_branches": []}}}, "openwebui_chat_client/modules/async_chat_manager.py": {"executed_lines": [5, 6, 7, 8, 13, 16, 21, 22, 24, 28, 29, 33, 57, 59, 60, 64, 65, 66, 68, 71, 72, 73, 74, 76, 104, 107, 109, 110, 113, 124, 279, 282, 286, 287, 288, 289, 290, 292, 293, 295, 296, 298, 300, 302, 305, 306, 307, 308, 309, 311, 321, 323, 324, 325, 326, 327, 330, 332, 333, 338, 339, 342, 343, 344, 348, 350, 351, 353, 354, 355, 358, 359, 360, 361, 362, 363, 364, 365, 368, 384, 395, 396, 399, 400, 401, 402, 404, 407, 412, 413, 414, 415, 416, 417, 421, 422, 424, 432, 433, 434, 435, 437, 441, 444, 445, 448, 449, 451, 463, 464, 465, 466, 467, 468, 472, 473, 478, 479, 491, 494, 499, 500, 503, 506, 507, 512, 514, 520, 707, 711, 712, 713, 715, 716, 723, 724, 725, 727, 730, 736, 740, 741, 742, 744, 745, 746, 748, 749, 750, 751, 752, 754, 756, 757, 758, 762, 764, 768, 769, 771, 773, 774, 775, 776, 777, 779, 781, 782, 789, 790, 791, 792, 793, 795, 799, 801, 805, 807, 808, 810, 811, 817, 818, 819, 820, 825, 827, 829, 840, 841, 843, 844, 847, 849, 850, 852, 853, 856, 861, 862, 864, 866, 868, 869, 881, 882, 883, 886, 887, 900, 901, 903, 906, 907, 909, 914, 916, 919, 921, 923, 924, 925, 928, 929, 930, 936, 937, 938, 939, 940, 945, 948, 949, 950, 951, 952, 953, 955, 956, 960, 962, 966, 968, 969, 974, 975, 976, 977, 978, 984, 985, 986, 988, 990, 996, 997, 999, 1000, 1002, 1006, 1009, 1010, 1014, 1016, 1017, 1019, 1020, 1021, 1023, 1024, 1025, 1026, 1027, 1028, 1029, 1030, 1031, 1032, 1034, 1039, 1045, 1046, 1048, 1049, 1050, 1051, 1052, 1053, 1054, 1058, 1059, 1061, 1064, 1065, 1067, 1070, 1072, 1075, 1076, 1077, 1085, 1093, 1095, 1099, 1100, 1101, 1102, 1104, 1110, 1116, 1119, 1120, 1122, 1123, 1124, 1127, 1128, 1133, 1135, 1136, 1137, 1140, 1141, 1146, 1149, 1150, 1151, 1152, 1153, 1154, 1155, 1160, 1162, 1163, 1164, 1167, 1168, 1173, 1176, 1177, 1178, 1179, 1180, 1181, 1182, 1187, 1188, 1189, 1190, 1191, 1194, 1195, 1196, 1197, 1203, 1204, 1205, 1206, 1214, 1215, 1216, 1221, 1226, 1227, 1228, 1229, 1231, 1232, 1233, 1234, 1239, 1240, 1241, 1244, 1245, 1253, 1254, 1255, 1263, 1264, 1265, 1266, 1267, 1268], "summary": {"covered_lines": 384, "num_statements": 599, "percent_covered": 60.44864226682409, "percent_covered_display": "60", "missing_lines": 215, "excluded_lines": 2, "percent_statements_covered": 64.10684474123539, "percent_statements_covered_display": "64", "num_branches": 248, "num_partial_branches": 36, "covered_branches": 128, "missing_branches": 120, "percent_branches_covered": 51.61290322580645, "percent_branches_covered_display": "52"}, "missing_lines": [167, 170, 171, 174, 175, 176, 177, 178, 179, 180, 181, 182, 183, 184, 185, 186, 189, 191, 192, 195, 196, 198, 203, 207, 210, 211, 214, 215, 217, 218, 229, 230, 232, 233, 234, 236, 238, 239, 240, 241, 243, 244, 247, 250, 251, 252, 253, 254, 255, 256, 257, 259, 262, 263, 265, 266, 267, 268, 269, 271, 275, 276, 277, 346, 356, 369, 370, 371, 372, 373, 374, 375, 376, 377, 379, 382, 442, 474, 532, 535, 536, 539, 540, 541, 544, 546, 549, 553, 555, 556, 557, 558, 559, 560, 564, 570, 572, 580, 581, 583, 584, 587, 588, 589, 591, 592, 593, 596, 597, 598, 599, 600, 601, 604, 606, 607, 608, 609, 610, 611, 612, 613, 614, 615, 618, 621, 623, 624, 630, 631, 632, 633, 634, 635, 636, 637, 638, 639, 640, 641, 642, 643, 644, 645, 646, 647, 650, 654, 658, 659, 662, 663, 669, 670, 671, 672, 675, 676, 677, 678, 679, 680, 681, 682, 683, 684, 689, 690, 693, 694, 695, 698, 701, 702, 703, 704, 705, 732, 733, 734, 854, 1035, 1036, 1037, 1117, 1129, 1130, 1131, 1138, 1147, 1156, 1157, 1158, 1165, 1174, 1183, 1184, 1185, 1200, 1201, 1211, 1212, 1222, 1223, 1224, 1230, 1235, 1236, 1237, 1248, 1249, 1250, 1251, 1260, 1261], "excluded_lines": [10, 11], "executed_branches": [[64, 65], [64, 68], [109, 110], [109, 113], [287, 288], [290, 292], [290, 295], [295, 296], [295, 298], [305, 306], [305, 309], [307, 308], [324, 325], [326, 327], [326, 332], [338, 339], [338, 348], [342, 343], [351, 353], [361, 362], [361, 363], [413, 414], [413, 421], [414, 415], [414, 421], [416, 417], [432, 433], [432, 434], [434, 435], [434, 437], [441, 444], [464, 465], [464, 472], [465, 466], [465, 472], [467, 468], [473, 478], [711, 712], [711, 715], [723, 724], [723, 727], [745, 746], [745, 748], [750, 751], [750, 754], [756, 757], [756, 762], [757, 758], [775, 776], [775, 779], [781, 782], [781, 795], [789, 790], [789, 793], [810, 811], [810, 827], [811, 810], [811, 817], [818, 819], [820, 825], [849, 850], [849, 852], [853, 856], [866, 868], [866, 906], [882, 883], [882, 886], [906, 907], [929, 930], [929, 948], [930, 929], [930, 936], [937, 938], [940, 945], [948, 949], [948, 955], [949, 950], [952, 953], [955, 956], [968, 969], [968, 988], [969, 974], [975, 976], [978, 984], [996, 997], [996, 999], [1019, 1020], [1019, 1023], [1027, 1028], [1027, 1029], [1029, 1030], [1029, 1031], [1031, 1032], [1031, 1034], [1048, 1049], [1048, 1058], [1050, 1051], [1050, 1058], [1052, 1053], [1058, 1059], [1058, 1093], [1064, 1065], [1065, 1067], [1065, 1093], [1070, 1072], [1075, 1076], [1101, 1102], [1101, 1104], [1116, 1119], [1137, 1140], [1146, 1149], [1164, 1167], [1173, 1176], [1188, 1189], [1188, 1190], [1195, 1196], [1203, -1187], [1203, 1204], [1204, 1205], [1204, 1206], [1229, 1231], [1231, 1232], [1231, 1234], [1232, 1233], [1244, 1245], [1265, 1266], [1265, 1267], [1267, 1268]], "missing_branches": [[174, 175], [174, 176], [176, 177], [176, 178], [178, 179], [178, 180], [180, 181], [180, 182], [182, 183], [182, 184], [184, 185], [184, 186], [191, 192], [191, 195], [195, 196], [195, 198], [203, 207], [203, 214], [214, 215], [214, 217], [218, 229], [218, 232], [236, 238], [236, 262], [238, 239], [238, 243], [253, 254], [253, 259], [255, 253], [255, 256], [262, 263], [262, 265], [266, 267], [266, 271], [268, 269], [268, 271], [271, -124], [271, 275], [276, -124], [276, 277], [287, 295], [307, 309], [324, 379], [342, 346], [351, 356], [372, 373], [372, 374], [416, 414], [441, 442], [467, 465], [473, 474], [540, 541], [540, 546], [556, 557], [556, 564], [557, 558], [557, 564], [559, 557], [559, 560], [580, 581], [580, 583], [583, 584], [583, 587], [597, 598], [597, 604], [598, 599], [598, 604], [600, 598], [600, 601], [630, 631], [630, 669], [631, 630], [631, 632], [632, 630], [632, 633], [634, 635], [634, 636], [638, 630], [638, 639], [640, 630], [640, 641], [642, 643], [642, 644], [644, 645], [644, 646], [680, 681], [680, 693], [682, 680], [682, 683], [693, -520], [693, 694], [701, -520], [701, 702], [757, 756], [818, 810], [820, 810], [853, 854], [906, 914], [937, 929], [940, 929], [949, 952], [952, 948], [955, 960], [969, 968], [975, 968], [978, 968], [1052, 1050], [1064, 1093], [1070, 1065], [1075, 1065], [1116, 1117], [1137, 1138], [1146, 1147], [1164, 1165], [1173, 1174], [1195, 1203], [1229, 1230], [1232, 1231], [1244, 1248], [1267, -1263]], "functions": {"AsyncChatManager.__init__": {"executed_lines": [22], "summary": {"covered_lines": 1, "num_statements": 1, "percent_covered": 100.0, "percent_covered_display": "100", "missing_lines": 0, "excluded_lines": 0, "percent_statements_covered": 100.0, "percent_statements_covered_display": "100", "num_branches": 0, "num_partial_branches": 0, "covered_branches": 0, "missing_branches": 0, "percent_branches_covered": 100.0, "percent_branches_covered_display": "100"}, "missing_lines": [], "excluded_lines": [], "start_line": 21, "executed_branches": [], "missing_branches": []}, "AsyncChatManager.list_chats": {"executed_lines": [28, 29], "summary": {"covered_lines": 2, "num_statements": 2, "percent_covered": 100.0, "percent_covered_display": "100", "missing_lines": 0, "excluded_lines": 0, "percent_statements_covered": 100.0, "percent_statements_covered_display": "100", "num_branches": 0, "num_partial_branches": 0, "covered_branches": 0, "missing_branches": 0, "percent_branches_covered": 100.0, "percent_branches_covered_display": "100"}, "missing_lines": [], "excluded_lines": [], "start_line": 24, "executed_branches": [], "missing_branches": []}, "AsyncChatManager.delete_all_chats": {"executed_lines": [57, 59, 60, 64, 65, 66, 68, 71, 72, 73, 74], "summary": {"covered_lines": 11, "num_statements": 11, "percent_covered": 100.0, "percent_covered_display": "100", "missing_lines": 0, "excluded_lines": 0, "percent_statements_covered": 100.0, "percent_statements_covered_display": "100", "num_branches": 2, "num_partial_branches": 0, "covered_branches": 2, "missing_branches": 0, "percent_branches_covered": 100.0, "percent_branches_covered_display": "100"}, "missing_lines": [], "excluded_lines": [], "start_line": 33, "executed_branches": [[64, 65], [64, 68]], "missing_branches": []}, "AsyncChatManager.chat": {"executed_lines": [104, 107, 109, 110, 113], "summary": {"covered_lines": 5, "num_statements": 5, "percent_covered": 100.0, "percent_covered_display": "100", "missing_lines": 0, "excluded_lines": 0, "percent_statements_covered": 100.0, "percent_statements_covered_display": "100", "num_branches": 2, "num_partial_branches": 0, "covered_branches": 2, "missing_branches": 0, "percent_branches_covered": 100.0, "percent_branches_covered_display": "100"}, "missing_lines": [], "excluded_lines": [], "start_line": 76, "executed_branches": [[109, 110], [109, 113]], "missing_branches": []}, "AsyncChatManager.stream_chat": {"executed_lines": [], "summary": {"covered_lines": 0, "num_statements": 63, "percent_covered": 0.0, "percent_covered_display": "0", "missing_lines": 63, "excluded_lines": 0, "percent_statements_covered": 0.0, "percent_statements_covered_display": "0", "num_branches": 40, "num_partial_branches": 0, "covered_branches": 0, "missing_branches": 40, "percent_branches_covered": 0.0, "percent_branches_covered_display": "0"}, "missing_lines": [167, 170, 171, 174, 175, 176, 177, 178, 179, 180, 181, 182, 183, 184, 185, 186, 189, 191, 192, 195, 196, 198, 203, 207, 210, 211, 214, 215, 217, 218, 229, 230, 232, 233, 234, 236, 238, 239, 240, 241, 243, 244, 247, 250, 251, 252, 253, 254, 255, 256, 257, 259, 262, 263, 265, 266, 267, 268, 269, 271, 275, 276, 277], "excluded_lines": [], "start_line": 124, "executed_branches": [], "missing_branches": [[174, 175], [174, 176], [176, 177], [176, 178], [178, 179], [178, 180], [180, 181], [180, 182], [182, 183], [182, 184], [184, 185], [184, 186], [191, 192], [191, 195], [195, 196], [195, 198], [203, 207], [203, 214], [214, 215], [214, 217], [218, 229], [218, 232], [236, 238], [236, 262], [238, 239], [238, 243], [253, 254], [253, 259], [255, 253], [255, 256], [262, 263], [262, 265], [266, 267], [266, 271], [268, 269], [268, 271], [271, -124], [271, 275], [276, -124], [276, 277]]}, "AsyncChatManager._find_or_create_chat_by_title": {"executed_lines": [282, 286, 287, 288, 289, 290, 292, 293, 295, 296, 298], "summary": {"covered_lines": 11, "num_statements": 11, "percent_covered": 94.11764705882354, "percent_covered_display": "94", "missing_lines": 0, "excluded_lines": 0, "percent_statements_covered": 100.0, "percent_statements_covered_display": "100", "num_branches": 6, "num_partial_branches": 1, "covered_branches": 5, "missing_branches": 1, "percent_branches_covered": 83.33333333333333, "percent_branches_covered_display": "83"}, "missing_lines": [], "excluded_lines": [], "start_line": 279, "executed_branches": [[287, 288], [290, 292], [290, 295], [295, 296], [295, 298]], "missing_branches": [[287, 295]]}, "AsyncChatManager._create_new_chat": {"executed_lines": [302, 305, 306, 307, 308, 309], "summary": {"covered_lines": 6, "num_statements": 6, "percent_covered": 90.0, "percent_covered_display": "90", "missing_lines": 0, "excluded_lines": 0, "percent_statements_covered": 100.0, "percent_statements_covered_display": "100", "num_branches": 4, "num_partial_branches": 1, "covered_branches": 3, "missing_branches": 1, "percent_branches_covered": 75.0, "percent_branches_covered_display": "75"}, "missing_lines": [], "excluded_lines": [], "start_line": 300, "executed_branches": [[305, 306], [305, 309], [307, 308]], "missing_branches": [[307, 309]]}, "AsyncChatManager._load_chat_details": {"executed_lines": [321, 323, 324, 325, 326, 327, 330, 332, 333, 338, 339, 342, 343, 344, 348, 350, 351, 353, 354, 355, 358, 359, 360, 361, 362, 363, 364, 365, 368], "summary": {"covered_lines": 29, "num_statements": 42, "percent_covered": 67.85714285714286, "percent_covered_display": "68", "missing_lines": 13, "excluded_lines": 0, "percent_statements_covered": 69.04761904761905, "percent_statements_covered_display": "69", "num_branches": 14, "num_partial_branches": 3, "covered_branches": 9, "missing_branches": 5, "percent_branches_covered": 64.28571428571429, "percent_branches_covered_display": "64"}, "missing_lines": [346, 356, 369, 370, 371, 372, 373, 374, 375, 376, 377, 379, 382], "excluded_lines": [], "start_line": 311, "executed_branches": [[324, 325], [326, 327], [326, 332], [338, 339], [338, 348], [342, 343], [351, 353], [361, 362], [361, 363]], "missing_branches": [[324, 379], [342, 346], [351, 356], [372, 373], [372, 374]]}, "AsyncChatManager._ask": {"executed_lines": [395, 396, 399, 400, 401, 402, 404, 407, 412, 413, 414, 415, 416, 417, 421, 422, 424, 432, 433, 434, 435, 437, 441, 444, 445, 448, 449, 451, 463, 464, 465, 466, 467, 468, 472, 473, 478, 479, 491, 494, 499, 500, 503, 506, 507, 512, 514], "summary": {"covered_lines": 47, "num_statements": 49, "percent_covered": 91.30434782608695, "percent_covered_display": "91", "missing_lines": 2, "excluded_lines": 0, "percent_statements_covered": 95.91836734693878, "percent_statements_covered_display": "96", "num_branches": 20, "num_partial_branches": 4, "covered_branches": 16, "missing_branches": 4, "percent_branches_covered": 80.0, "percent_branches_covered_display": "80"}, "missing_lines": [442, 474], "excluded_lines": [], "start_line": 384, "executed_branches": [[413, 414], [413, 421], [414, 415], [414, 421], [416, 417], [432, 433], [432, 434], [434, 435], [434, 437], [441, 444], [464, 465], [464, 472], [465, 466], [465, 472], [467, 468], [473, 478]], "missing_branches": [[416, 414], [441, 442], [467, 465], [473, 474]]}, "AsyncChatManager._ask_stream": {"executed_lines": [], "summary": {"covered_lines": 0, "num_statements": 99, "percent_covered": 0.0, "percent_covered_display": "0", "missing_lines": 99, "excluded_lines": 0, "percent_statements_covered": 0.0, "percent_statements_covered_display": "0", "num_branches": 42, "num_partial_branches": 0, "covered_branches": 0, "missing_branches": 42, "percent_branches_covered": 0.0, "percent_branches_covered_display": "0"}, "missing_lines": [532, 535, 536, 539, 540, 541, 544, 546, 549, 553, 555, 556, 557, 558, 559, 560, 564, 570, 572, 580, 581, 583, 584, 587, 588, 589, 591, 592, 593, 596, 597, 598, 599, 600, 601, 604, 606, 607, 608, 609, 610, 611, 612, 613, 614, 615, 618, 621, 623, 624, 630, 631, 632, 633, 634, 635, 636, 637, 638, 639, 640, 641, 642, 643, 644, 645, 646, 647, 650, 654, 658, 659, 662, 663, 669, 670, 671, 672, 675, 676, 677, 678, 679, 680, 681, 682, 683, 684, 689, 690, 693, 694, 695, 698, 701, 702, 703, 704, 705], "excluded_lines": [], "start_line": 520, "executed_branches": [], "missing_branches": [[540, 541], [540, 546], [556, 557], [556, 564], [557, 558], [557, 564], [559, 557], [559, 560], [580, 581], [580, 583], [583, 584], [583, 587], [597, 598], [597, 604], [598, 599], [598, 604], [600, 598], [600, 601], [630, 631], [630, 669], [631, 630], [631, 632], [632, 630], [632, 633], [634, 635], [634, 636], [638, 630], [638, 639], [640, 630], [640, 641], [642, 643], [642, 644], [644, 645], [644, 646], [680, 681], [680, 693], [682, 680], [682, 683], [693, -520], [693, 694], [701, -520], [701, 702]]}, "AsyncChatManager._update_remote_chat": {"executed_lines": [711, 712, 713, 715, 716, 723, 724, 725, 727, 730], "summary": {"covered_lines": 10, "num_statements": 13, "percent_covered": 82.3529411764706, "percent_covered_display": "82", "missing_lines": 3, "excluded_lines": 0, "percent_statements_covered": 76.92307692307692, "percent_statements_covered_display": "77", "num_branches": 4, "num_partial_branches": 0, "covered_branches": 4, "missing_branches": 0, "percent_branches_covered": 100.0, "percent_branches_covered_display": "100"}, "missing_lines": [732, 733, 734], "excluded_lines": [], "start_line": 707, "executed_branches": [[711, 712], [711, 715], [723, 724], [723, 727]], "missing_branches": []}, "AsyncChatManager._build_linear_history_for_api": {"executed_lines": [740, 741, 742, 744, 745, 746, 748, 749, 750, 751, 752, 754, 756, 757, 758, 762], "summary": {"covered_lines": 16, "num_statements": 16, "percent_covered": 95.83333333333333, "percent_covered_display": "96", "missing_lines": 0, "excluded_lines": 0, "percent_statements_covered": 100.0, "percent_statements_covered_display": "100", "num_branches": 8, "num_partial_branches": 1, "covered_branches": 7, "missing_branches": 1, "percent_branches_covered": 87.5, "percent_branches_covered_display": "88"}, "missing_lines": [], "excluded_lines": [], "start_line": 736, "executed_branches": [[745, 746], [745, 748], [750, 751], [750, 754], [756, 757], [756, 762], [757, 758]], "missing_branches": [[757, 756]]}, "AsyncChatManager._build_linear_history_for_storage": {"executed_lines": [768, 769, 771, 773, 774, 775, 776, 777, 779, 781, 782, 789, 790, 791, 792, 793, 795], "summary": {"covered_lines": 17, "num_statements": 17, "percent_covered": 100.0, "percent_covered_display": "100", "missing_lines": 0, "excluded_lines": 0, "percent_statements_covered": 100.0, "percent_statements_covered_display": "100", "num_branches": 6, "num_partial_branches": 0, "covered_branches": 6, "missing_branches": 0, "percent_branches_covered": 100.0, "percent_branches_covered_display": "100"}, "missing_lines": [], "excluded_lines": [], "start_line": 764, "executed_branches": [[775, 776], [775, 779], [781, 782], [781, 795], [789, 790], [789, 793]], "missing_branches": []}, "AsyncChatManager._is_placeholder_message": {"executed_lines": [801], "summary": {"covered_lines": 1, "num_statements": 1, "percent_covered": 100.0, "percent_covered_display": "100", "missing_lines": 0, "excluded_lines": 0, "percent_statements_covered": 100.0, "percent_statements_covered_display": "100", "num_branches": 0, "num_partial_branches": 0, "covered_branches": 0, "missing_branches": 0, "percent_branches_covered": 100.0, "percent_branches_covered_display": "100"}, "missing_lines": [], "excluded_lines": [], "start_line": 799, "executed_branches": [], "missing_branches": []}, "AsyncChatManager._count_available_placeholder_pairs": {"executed_lines": [807, 808, 810, 811, 817, 818, 819, 820, 825, 827], "summary": {"covered_lines": 10, "num_statements": 10, "percent_covered": 88.88888888888889, "percent_covered_display": "89", "missing_lines": 0, "excluded_lines": 0, "percent_statements_covered": 100.0, "percent_statements_covered_display": "100", "num_branches": 8, "num_partial_branches": 2, "covered_branches": 6, "missing_branches": 2, "percent_branches_covered": 75.0, "percent_branches_covered_display": "75"}, "missing_lines": [], "excluded_lines": [], "start_line": 805, "executed_branches": [[810, 811], [810, 827], [811, 810], [811, 817], [818, 819], [820, 825]], "missing_branches": [[818, 810], [820, 810]]}, "AsyncChatManager._ensure_placeholder_messages": {"executed_lines": [840, 841, 843, 844, 847, 849, 850, 852, 853, 856, 861, 862, 864, 866, 868, 869, 881, 882, 883, 886, 887, 900, 901, 903, 906, 907, 909, 914, 916, 919], "summary": {"covered_lines": 30, "num_statements": 31, "percent_covered": 92.6829268292683, "percent_covered_display": "93", "missing_lines": 1, "excluded_lines": 0, "percent_statements_covered": 96.7741935483871, "percent_statements_covered_display": "97", "num_branches": 10, "num_partial_branches": 2, "covered_branches": 8, "missing_branches": 2, "percent_branches_covered": 80.0, "percent_branches_covered_display": "80"}, "missing_lines": [854], "excluded_lines": [], "start_line": 829, "executed_branches": [[849, 850], [849, 852], [853, 856], [866, 868], [866, 906], [882, 883], [882, 886], [906, 907]], "missing_branches": [[853, 854], [906, 914]]}, "AsyncChatManager._cleanup_unused_placeholder_messages": {"executed_lines": [923, 924, 925, 928, 929, 930, 936, 937, 938, 939, 940, 945, 948, 949, 950, 951, 952, 953, 955, 956, 960], "summary": {"covered_lines": 21, "num_statements": 21, "percent_covered": 86.48648648648648, "percent_covered_display": "86", "missing_lines": 0, "excluded_lines": 0, "percent_statements_covered": 100.0, "percent_statements_covered_display": "100", "num_branches": 16, "num_partial_branches": 5, "covered_branches": 11, "missing_branches": 5, "percent_branches_covered": 68.75, "percent_branches_covered_display": "69"}, "missing_lines": [], "excluded_lines": [], "start_line": 921, "executed_branches": [[929, 930], [929, 948], [930, 929], [930, 936], [937, 938], [940, 945], [948, 949], [948, 955], [949, 950], [952, 953], [955, 956]], "missing_branches": [[937, 929], [940, 929], [949, 952], [952, 948], [955, 960]]}, "AsyncChatManager._get_next_available_message_pair": {"executed_lines": [966, 968, 969, 974, 975, 976, 977, 978, 984, 985, 986, 988], "summary": {"covered_lines": 12, "num_statements": 12, "percent_covered": 85.0, "percent_covered_display": "85", "missing_lines": 0, "excluded_lines": 0, "percent_statements_covered": 100.0, "percent_statements_covered_display": "100", "num_branches": 8, "num_partial_branches": 3, "covered_branches": 5, "missing_branches": 3, "percent_branches_covered": 62.5, "percent_branches_covered_display": "62"}, "missing_lines": [], "excluded_lines": [], "start_line": 962, "executed_branches": [[968, 969], [968, 988], [969, 974], [975, 976], [978, 984]], "missing_branches": [[969, 968], [975, 968], [978, 968]]}, "AsyncChatManager._stream_delta_update": {"executed_lines": [996, 997, 999, 1000, 1002, 1006, 1009, 1010], "summary": {"covered_lines": 8, "num_statements": 8, "percent_covered": 100.0, "percent_covered_display": "100", "missing_lines": 0, "excluded_lines": 0, "percent_statements_covered": 100.0, "percent_statements_covered_display": "100", "num_branches": 2, "num_partial_branches": 0, "covered_branches": 2, "missing_branches": 0, "percent_branches_covered": 100.0, "percent_branches_covered_display": "100"}, "missing_lines": [], "excluded_lines": [], "start_line": 990, "executed_branches": [[996, 997], [996, 999]], "missing_branches": []}, "AsyncChatManager._encode_image_to_base64": {"executed_lines": [1016, 1017, 1019, 1020, 1021, 1023, 1024, 1025, 1026, 1027, 1028, 1029, 1030, 1031, 1032, 1034], "summary": {"covered_lines": 16, "num_statements": 19, "percent_covered": 88.88888888888889, "percent_covered_display": "89", "missing_lines": 3, "excluded_lines": 0, "percent_statements_covered": 84.21052631578948, "percent_statements_covered_display": "84", "num_branches": 8, "num_partial_branches": 0, "covered_branches": 8, "missing_branches": 0, "percent_branches_covered": 100.0, "percent_branches_covered_display": "100"}, "missing_lines": [1035, 1036, 1037], "excluded_lines": [], "start_line": 1014, "executed_branches": [[1019, 1020], [1019, 1023], [1027, 1028], [1027, 1029], [1029, 1030], [1029, 1031], [1031, 1032], [1031, 1034]], "missing_branches": []}, "AsyncChatManager._handle_rag_references": {"executed_lines": [1045, 1046, 1048, 1049, 1050, 1051, 1052, 1053, 1054, 1058, 1059, 1061, 1064, 1065, 1067, 1070, 1072, 1075, 1076, 1077, 1085, 1093], "summary": {"covered_lines": 22, "num_statements": 22, "percent_covered": 89.47368421052632, "percent_covered_display": "89", "missing_lines": 0, "excluded_lines": 0, "percent_statements_covered": 100.0, "percent_statements_covered_display": "100", "num_branches": 16, "num_partial_branches": 4, "covered_branches": 12, "missing_branches": 4, "percent_branches_covered": 75.0, "percent_branches_covered_display": "75"}, "missing_lines": [], "excluded_lines": [], "start_line": 1039, "executed_branches": [[1048, 1049], [1048, 1058], [1050, 1051], [1050, 1058], [1052, 1053], [1058, 1059], [1058, 1093], [1064, 1065], [1065, 1067], [1065, 1093], [1070, 1072], [1075, 1076]], "missing_branches": [[1052, 1050], [1064, 1093], [1070, 1065], [1075, 1065]]}, "AsyncChatManager._get_follow_up_completions": {"executed_lines": [1099, 1100, 1101, 1102, 1104, 1110, 1116, 1119, 1120, 1122, 1123, 1124, 1127, 1128], "summary": {"covered_lines": 14, "num_statements": 18, "percent_covered": 77.27272727272727, "percent_covered_display": "77", "missing_lines": 4, "excluded_lines": 0, "percent_statements_covered": 77.77777777777777, "percent_statements_covered_display": "78", "num_branches": 4, "num_partial_branches": 1, "covered_branches": 3, "missing_branches": 1, "percent_branches_covered": 75.0, "percent_branches_covered_display": "75"}, "missing_lines": [1117, 1129, 1130, 1131], "excluded_lines": [], "start_line": 1095, "executed_branches": [[1101, 1102], [1101, 1104], [1116, 1119]], "missing_branches": [[1116, 1117]]}, "AsyncChatManager._get_tags": {"executed_lines": [1135, 1136, 1137, 1140, 1141, 1146, 1149, 1150, 1151, 1152, 1153, 1154, 1155], "summary": {"covered_lines": 13, "num_statements": 18, "percent_covered": 68.18181818181819, "percent_covered_display": "68", "missing_lines": 5, "excluded_lines": 0, "percent_statements_covered": 72.22222222222223, "percent_statements_covered_display": "72", "num_branches": 4, "num_partial_branches": 2, "covered_branches": 2, "missing_branches": 2, "percent_branches_covered": 50.0, "percent_branches_covered_display": "50"}, "missing_lines": [1138, 1147, 1156, 1157, 1158], "excluded_lines": [], "start_line": 1133, "executed_branches": [[1137, 1140], [1146, 1149]], "missing_branches": [[1137, 1138], [1146, 1147]]}, "AsyncChatManager._get_title": {"executed_lines": [1162, 1163, 1164, 1167, 1168, 1173, 1176, 1177, 1178, 1179, 1180, 1181, 1182], "summary": {"covered_lines": 13, "num_statements": 18, "percent_covered": 68.18181818181819, "percent_covered_display": "68", "missing_lines": 5, "excluded_lines": 0, "percent_statements_covered": 72.22222222222223, "percent_statements_covered_display": "72", "num_branches": 4, "num_partial_branches": 2, "covered_branches": 2, "missing_branches": 2, "percent_branches_covered": 50.0, "percent_branches_covered_display": "50"}, "missing_lines": [1165, 1174, 1183, 1184, 1185], "excluded_lines": [], "start_line": 1160, "executed_branches": [[1164, 1167], [1173, 1176]], "missing_branches": [[1164, 1165], [1173, 1174]]}, "AsyncChatManager._set_chat_tags": {"executed_lines": [1188, 1189, 1190, 1191, 1194, 1195, 1196, 1197, 1203, 1204, 1205, 1206], "summary": {"covered_lines": 12, "num_statements": 16, "percent_covered": 79.16666666666667, "percent_covered_display": "79", "missing_lines": 4, "excluded_lines": 0, "percent_statements_covered": 75.0, "percent_statements_covered_display": "75", "num_branches": 8, "num_partial_branches": 1, "covered_branches": 7, "missing_branches": 1, "percent_branches_covered": 87.5, "percent_branches_covered_display": "88"}, "missing_lines": [1200, 1201, 1211, 1212], "excluded_lines": [], "start_line": 1187, "executed_branches": [[1188, 1189], [1188, 1190], [1195, 1196], [1203, -1187], [1203, 1204], [1204, 1205], [1204, 1206]], "missing_branches": [[1195, 1203]]}, "AsyncChatManager._rename_chat": {"executed_lines": [1215, 1216, 1221], "summary": {"covered_lines": 3, "num_statements": 6, "percent_covered": 50.0, "percent_covered_display": "50", "missing_lines": 3, "excluded_lines": 0, "percent_statements_covered": 50.0, "percent_statements_covered_display": "50", "num_branches": 0, "num_partial_branches": 0, "covered_branches": 0, "missing_branches": 0, "percent_branches_covered": 100.0, "percent_branches_covered_display": "100"}, "missing_lines": [1222, 1223, 1224], "excluded_lines": [], "start_line": 1214, "executed_branches": [], "missing_branches": []}, "AsyncChatManager._get_folder_id_by_name": {"executed_lines": [1227, 1228, 1229, 1231, 1232, 1233, 1234], "summary": {"covered_lines": 7, "num_statements": 11, "percent_covered": 64.70588235294117, "percent_covered_display": "65", "missing_lines": 4, "excluded_lines": 0, "percent_statements_covered": 63.63636363636363, "percent_statements_covered_display": "64", "num_branches": 6, "num_partial_branches": 2, "covered_branches": 4, "missing_branches": 2, "percent_branches_covered": 66.66666666666667, "percent_branches_covered_display": "67"}, "missing_lines": [1230, 1235, 1236, 1237], "excluded_lines": [], "start_line": 1226, "executed_branches": [[1229, 1231], [1231, 1232], [1231, 1234], [1232, 1233]], "missing_branches": [[1229, 1230], [1232, 1231]]}, "AsyncChatManager._create_folder": {"executed_lines": [1240, 1241, 1244, 1245], "summary": {"covered_lines": 4, "num_statements": 8, "percent_covered": 50.0, "percent_covered_display": "50", "missing_lines": 4, "excluded_lines": 0, "percent_statements_covered": 50.0, "percent_statements_covered_display": "50", "num_branches": 2, "num_partial_branches": 1, "covered_branches": 1, "missing_branches": 1, "percent_branches_covered": 50.0, "percent_branches_covered_display": "50"}, "missing_lines": [1248, 1249, 1250, 1251], "excluded_lines": [], "start_line": 1239, "executed_branches": [[1244, 1245]], "missing_branches": [[1244, 1248]]}, "AsyncChatManager._move_chat_to_folder": {"executed_lines": [1254, 1255], "summary": {"covered_lines": 2, "num_statements": 4, "percent_covered": 50.0, "percent_covered_display": "50", "missing_lines": 2, "excluded_lines": 0, "percent_statements_covered": 50.0, "percent_statements_covered_display": "50", "num_branches": 0, "num_partial_branches": 0, "covered_branches": 0, "missing_branches": 0, "percent_branches_covered": 100.0, "percent_branches_covered_display": "100"}, "missing_lines": [1260, 1261], "excluded_lines": [], "start_line": 1253, "executed_branches": [], "missing_branches": []}, "AsyncChatManager._ensure_folder": {"executed_lines": [1264, 1265, 1266, 1267, 1268], "summary": {"covered_lines": 5, "num_statements": 5, "percent_covered": 88.88888888888889, "percent_covered_display": "89", "missing_lines": 0, "excluded_lines": 0, "percent_statements_covered": 100.0, "percent_statements_covered_display": "100", "num_branches": 4, "num_partial_branches": 1, "covered_branches": 3, "missing_branches": 1, "percent_branches_covered": 75.0, "percent_branches_covered_display": "75"}, "missing_lines": [], "excluded_lines": [], "start_line": 1263, "executed_branches": [[1265, 1266], [1265, 1267], [1267, 1268]], "missing_branches": [[1267, -1263]]}, "": {"executed_lines": [5, 6, 7, 8, 13, 16, 21, 24, 33, 76, 124, 279, 300, 311, 384, 520, 707, 736, 764, 799, 805, 829, 921, 962, 990, 1014, 1039, 1095, 1133, 1160, 1187, 1214, 1226, 1239, 1253, 1263], "summary": {"covered_lines": 36, "num_statements": 36, "percent_covered": 100.0, "percent_covered_display": "100", "missing_lines": 0, "excluded_lines": 2, "percent_statements_covered": 100.0, "percent_statements_covered_display": "100", "num_branches": 0, "num_partial_branches": 0, "covered_branches": 0, "missing_branches": 0, "percent_branches_covered": 100.0, "percent_branches_covered_display": "100"}, "missing_lines": [], "excluded_lines": [10, 11], "start_line": 1, "executed_branches": [], "missing_branches": []}}, "classes": {"AsyncChatManager": {"executed_lines": [22, 28, 29, 57, 59, 60, 64, 65, 66, 68, 71, 72, 73, 74, 104, 107, 109, 110, 113, 282, 286, 287, 288, 289, 290, 292, 293, 295, 296, 298, 302, 305, 306, 307, 308, 309, 321, 323, 324, 325, 326, 327, 330, 332, 333, 338, 339, 342, 343, 344, 348, 350, 351, 353, 354, 355, 358, 359, 360, 361, 362, 363, 364, 365, 368, 395, 396, 399, 400, 401, 402, 404, 407, 412, 413, 414, 415, 416, 417, 421, 422, 424, 432, 433, 434, 435, 437, 441, 444, 445, 448, 449, 451, 463, 464, 465, 466, 467, 468, 472, 473, 478, 479, 491, 494, 499, 500, 503, 506, 507, 512, 514, 711, 712, 713, 715, 716, 723, 724, 725, 727, 730, 740, 741, 742, 744, 745, 746, 748, 749, 750, 751, 752, 754, 756, 757, 758, 762, 768, 769, 771, 773, 774, 775, 776, 777, 779, 781, 782, 789, 790, 791, 792, 793, 795, 801, 807, 808, 810, 811, 817, 818, 819, 820, 825, 827, 840, 841, 843, 844, 847, 849, 850, 852, 853, 856, 861, 862, 864, 866, 868, 869, 881, 882, 883, 886, 887, 900, 901, 903, 906, 907, 909, 914, 916, 919, 923, 924, 925, 928, 929, 930, 936, 937, 938, 939, 940, 945, 948, 949, 950, 951, 952, 953, 955, 956, 960, 966, 968, 969, 974, 975, 976, 977, 978, 984, 985, 986, 988, 996, 997, 999, 1000, 1002, 1006, 1009, 1010, 1016, 1017, 1019, 1020, 1021, 1023, 1024, 1025, 1026, 1027, 1028, 1029, 1030, 1031, 1032, 1034, 1045, 1046, 1048, 1049, 1050, 1051, 1052, 1053, 1054, 1058, 1059, 1061, 1064, 1065, 1067, 1070, 1072, 1075, 1076, 1077, 1085, 1093, 1099, 1100, 1101, 1102, 1104, 1110, 1116, 1119, 1120, 1122, 1123, 1124, 1127, 1128, 1135, 1136, 1137, 1140, 1141, 1146, 1149, 1150, 1151, 1152, 1153, 1154, 1155, 1162, 1163, 1164, 1167, 1168, 1173, 1176, 1177, 1178, 1179, 1180, 1181, 1182, 1188, 1189, 1190, 1191, 1194, 1195, 1196, 1197, 1203, 1204, 1205, 1206, 1215, 1216, 1221, 1227, 1228, 1229, 1231, 1232, 1233, 1234, 1240, 1241, 1244, 1245, 1254, 1255, 1264, 1265, 1266, 1267, 1268], "summary": {"covered_lines": 348, "num_statements": 563, "percent_covered": 58.69297163995068, "percent_covered_display": "59", "missing_lines": 215, "excluded_lines": 0, "percent_statements_covered": 61.81172291296625, "percent_statements_covered_display": "62", "num_branches": 248, "num_partial_branches": 36, "covered_branches": 128, "missing_branches": 120, "percent_branches_covered": 51.61290322580645, "percent_branches_covered_display": "52"}, "missing_lines": [167, 170, 171, 174, 175, 176, 177, 178, 179, 180, 181, 182, 183, 184, 185, 186, 189, 191, 192, 195, 196, 198, 203, 207, 210, 211, 214, 215, 217, 218, 229, 230, 232, 233, 234, 236, 238, 239, 240, 241, 243, 244, 247, 250, 251, 252, 253, 254, 255, 256, 257, 259, 262, 263, 265, 266, 267, 268, 269, 271, 275, 276, 277, 346, 356, 369, 370, 371, 372, 373, 374, 375, 376, 377, 379, 382, 442, 474, 532, 535, 536, 539, 540, 541, 544, 546, 549, 553, 555, 556, 557, 558, 559, 560, 564, 570, 572, 580, 581, 583, 584, 587, 588, 589, 591, 592, 593, 596, 597, 598, 599, 600, 601, 604, 606, 607, 608, 609, 610, 611, 612, 613, 614, 615, 618, 621, 623, 624, 630, 631, 632, 633, 634, 635, 636, 637, 638, 639, 640, 641, 642, 643, 644, 645, 646, 647, 650, 654, 658, 659, 662, 663, 669, 670, 671, 672, 675, 676, 677, 678, 679, 680, 681, 682, 683, 684, 689, 690, 693, 694, 695, 698, 701, 702, 703, 704, 705, 732, 733, 734, 854, 1035, 1036, 1037, 1117, 1129, 1130, 1131, 1138, 1147, 1156, 1157, 1158, 1165, 1174, 1183, 1184, 1185, 1200, 1201, 1211, 1212, 1222, 1223, 1224, 1230, 1235, 1236, 1237, 1248, 1249, 1250, 1251, 1260, 1261], "excluded_lines": [], "start_line": 16, "executed_branches": [[64, 65], [64, 68], [109, 110], [109, 113], [287, 288], [290, 292], [290, 295], [295, 296], [295, 298], [305, 306], [305, 309], [307, 308], [324, 325], [326, 327], [326, 332], [338, 339], [338, 348], [342, 343], [351, 353], [361, 362], [361, 363], [413, 414], [413, 421], [414, 415], [414, 421], [416, 417], [432, 433], [432, 434], [434, 435], [434, 437], [441, 444], [464, 465], [464, 472], [465, 466], [465, 472], [467, 468], [473, 478], [711, 712], [711, 715], [723, 724], [723, 727], [745, 746], [745, 748], [750, 751], [750, 754], [756, 757], [756, 762], [757, 758], [775, 776], [775, 779], [781, 782], [781, 795], [789, 790], [789, 793], [810, 811], [810, 827], [811, 810], [811, 817], [818, 819], [820, 825], [849, 850], [849, 852], [853, 856], [866, 868], [866, 906], [882, 883], [882, 886], [906, 907], [929, 930], [929, 948], [930, 929], [930, 936], [937, 938], [940, 945], [948, 949], [948, 955], [949, 950], [952, 953], [955, 956], [968, 969], [968, 988], [969, 974], [975, 976], [978, 984], [996, 997], [996, 999], [1019, 1020], [1019, 1023], [1027, 1028], [1027, 1029], [1029, 1030], [1029, 1031], [1031, 1032], [1031, 1034], [1048, 1049], [1048, 1058], [1050, 1051], [1050, 1058], [1052, 1053], [1058, 1059], [1058, 1093], [1064, 1065], [1065, 1067], [1065, 1093], [1070, 1072], [1075, 1076], [1101, 1102], [1101, 1104], [1116, 1119], [1137, 1140], [1146, 1149], [1164, 1167], [1173, 1176], [1188, 1189], [1188, 1190], [1195, 1196], [1203, -1187], [1203, 1204], [1204, 1205], [1204, 1206], [1229, 1231], [1231, 1232], [1231, 1234], [1232, 1233], [1244, 1245], [1265, 1266], [1265, 1267], [1267, 1268]], "missing_branches": [[174, 175], [174, 176], [176, 177], [176, 178], [178, 179], [178, 180], [180, 181], [180, 182], [182, 183], [182, 184], [184, 185], [184, 186], [191, 192], [191, 195], [195, 196], [195, 198], [203, 207], [203, 214], [214, 215], [214, 217], [218, 229], [218, 232], [236, 238], [236, 262], [238, 239], [238, 243], [253, 254], [253, 259], [255, 253], [255, 256], [262, 263], [262, 265], [266, 267], [266, 271], [268, 269], [268, 271], [271, -124], [271, 275], [276, -124], [276, 277], [287, 295], [307, 309], [324, 379], [342, 346], [351, 356], [372, 373], [372, 374], [416, 414], [441, 442], [467, 465], [473, 474], [540, 541], [540, 546], [556, 557], [556, 564], [557, 558], [557, 564], [559, 557], [559, 560], [580, 581], [580, 583], [583, 584], [583, 587], [597, 598], [597, 604], [598, 599], [598, 604], [600, 598], [600, 601], [630, 631], [630, 669], [631, 630], [631, 632], [632, 630], [632, 633], [634, 635], [634, 636], [638, 630], [638, 639], [640, 630], [640, 641], [642, 643], [642, 644], [644, 645], [644, 646], [680, 681], [680, 693], [682, 680], [682, 683], [693, -520], [693, 694], [701, -520], [701, 702], [757, 756], [818, 810], [820, 810], [853, 854], [906, 914], [937, 929], [940, 929], [949, 952], [952, 948], [955, 960], [969, 968], [975, 968], [978, 968], [1052, 1050], [1064, 1093], [1070, 1065], [1075, 1065], [1116, 1117], [1137, 1138], [1146, 1147], [1164, 1165], [1173, 1174], [1195, 1203], [1229, 1230], [1232, 1231], [1244, 1248], [1267, -1263]]}, "": {"executed_lines": [5, 6, 7, 8, 13, 16, 21, 24, 33, 76, 124, 279, 300, 311, 384, 520, 707, 736, 764, 799, 805, 829, 921, 962, 990, 1014, 1039, 1095, 1133, 1160, 1187, 1214, 1226, 1239, 1253, 1263], "summary": {"covered_lines": 36, "num_statements": 36, "percent_covered": 100.0, "percent_covered_display": "100", "missing_lines": 0, "excluded_lines": 2, "percent_statements_covered": 100.0, "percent_statements_covered_display": "100", "num_branches": 0, "num_partial_branches": 0, "covered_branches": 0, "missing_branches": 0, "percent_branches_covered": 100.0, "percent_branches_covered_display": "100"}, "missing_lines": [], "excluded_lines": [10, 11], "start_line": 1, "executed_branches": [], "missing_branches": []}}}, "openwebui_chat_client/modules/async_file_manager.py": {"executed_lines": [5, 6, 7, 8, 13, 16, 21, 22, 24, 28, 37, 38, 39, 41, 42, 43, 44, 45, 46, 47, 48, 49, 50, 52, 53, 54, 55], "summary": {"covered_lines": 27, "num_statements": 28, "percent_covered": 97.22222222222223, "percent_covered_display": "97", "missing_lines": 1, "excluded_lines": 2, "percent_statements_covered": 96.42857142857143, "percent_statements_covered_display": "96", "num_branches": 8, "num_partial_branches": 0, "covered_branches": 8, "missing_branches": 0, "percent_branches_covered": 100.0, "percent_branches_covered_display": "100"}, "missing_lines": [26], "excluded_lines": [10, 11], "executed_branches": [[37, 38], [37, 41], [45, 46], [45, 47], [47, 48], [47, 49], [49, 50], [49, 52]], "missing_branches": [], "functions": {"AsyncFileManager.__init__": {"executed_lines": [22], "summary": {"covered_lines": 1, "num_statements": 1, "percent_covered": 100.0, "percent_covered_display": "100", "missing_lines": 0, "excluded_lines": 0, "percent_statements_covered": 100.0, "percent_statements_covered_display": "100", "num_branches": 0, "num_partial_branches": 0, "covered_branches": 0, "missing_branches": 0, "percent_branches_covered": 100.0, "percent_branches_covered_display": "100"}, "missing_lines": [], "excluded_lines": [], "start_line": 21, "executed_branches": [], "missing_branches": []}, "AsyncFileManager.upload_file": {"executed_lines": [], "summary": {"covered_lines": 0, "num_statements": 1, "percent_covered": 0.0, "percent_covered_display": "0", "missing_lines": 1, "excluded_lines": 0, "percent_statements_covered": 0.0, "percent_statements_covered_display": "0", "num_branches": 0, "num_partial_branches": 0, "covered_branches": 0, "missing_branches": 0, "percent_branches_covered": 100.0, "percent_branches_covered_display": "100"}, "missing_lines": [26], "excluded_lines": [], "start_line": 24, "executed_branches": [], "missing_branches": []}, "AsyncFileManager.encode_image_to_base64": {"executed_lines": [37, 38, 39, 41, 42, 43, 44, 45, 46, 47, 48, 49, 50, 52, 53, 54, 55], "summary": {"covered_lines": 17, "num_statements": 17, "percent_covered": 100.0, "percent_covered_display": "100", "missing_lines": 0, "excluded_lines": 0, "percent_statements_covered": 100.0, "percent_statements_covered_display": "100", "num_branches": 8, "num_partial_branches": 0, "covered_branches": 8, "missing_branches": 0, "percent_branches_covered": 100.0, "percent_branches_covered_display": "100"}, "missing_lines": [], "excluded_lines": [], "start_line": 28, "executed_branches": [[37, 38], [37, 41], [45, 46], [45, 47], [47, 48], [47, 49], [49, 50], [49, 52]], "missing_branches": []}, "": {"executed_lines": [5, 6, 7, 8, 13, 16, 21, 24, 28], "summary": {"covered_lines": 9, "num_statements": 9, "percent_covered": 100.0, "percent_covered_display": "100", "missing_lines": 0, "excluded_lines": 2, "percent_statements_covered": 100.0, "percent_statements_covered_display": "100", "num_branches": 0, "num_partial_branches": 0, "covered_branches": 0, "missing_branches": 0, "percent_branches_covered": 100.0, "percent_branches_covered_display": "100"}, "missing_lines": [], "excluded_lines": [10, 11], "start_line": 1, "executed_branches": [], "missing_branches": []}}, "classes": {"AsyncFileManager": {"executed_lines": [22, 37, 38, 39, 41, 42, 43, 44, 45, 46, 47, 48, 49, 50, 52, 53, 54, 55], "summary": {"covered_lines": 18, "num_statements": 19, "percent_covered": 96.29629629629629, "percent_covered_display": "96", "missing_lines": 1, "excluded_lines": 0, "percent_statements_covered": 94.73684210526316, "percent_statements_covered
[...]
66666664, "percent_statements_covered_display": "42", "num_branches": 10, "num_partial_branches": 2, "covered_branches": 2, "missing_branches": 8, "percent_branches_covered": 20.0, "percent_branches_covered_display": "20"}, "missing_lines": [2344, 2352, 2358, 2359, 2360, 2361, 2366], "excluded_lines": [], "start_line": 2338, "executed_branches": [[2340, 2346], [2351, 2368]], "missing_branches": [[2340, 2344], [2351, 2352], [2352, 2351], [2352, 2358], [2359, 2351], [2359, 2360], [2361, 2351], [2361, 2366]]}, "OpenWebUIClient._get_next_available_message_pair": {"executed_lines": [], "summary": {"covered_lines": 0, "num_statements": 14, "percent_covered": 0.0, "percent_covered_display": "0", "missing_lines": 14, "excluded_lines": 0, "percent_statements_covered": 0.0, "percent_statements_covered_display": "0", "num_branches": 10, "num_partial_branches": 0, "covered_branches": 0, "missing_branches": 10, "percent_branches_covered": 0.0, "percent_branches_covered_display": "0"}, "missing_lines": [2372, 2376, 2378, 2382, 2383, 2388, 2389, 2390, 2391, 2392, 2398, 2399, 2400, 2402], "excluded_lines": [], "start_line": 2370, "executed_branches": [], "missing_branches": [[2372, 2376], [2372, 2378], [2382, 2383], [2382, 2402], [2383, 2382], [2383, 2388], [2389, 2382], [2389, 2390], [2392, 2382], [2392, 2398]]}, "OpenWebUIClient._cleanup_unused_placeholder_messages": {"executed_lines": [2406, 2410, 2412, 2413, 2414, 2417, 2418, 2436, 2443, 2448], "summary": {"covered_lines": 10, "num_statements": 23, "percent_covered": 36.58536585365854, "percent_covered_display": "37", "missing_lines": 13, "excluded_lines": 0, "percent_statements_covered": 43.47826086956522, "percent_statements_covered_display": "43", "num_branches": 18, "num_partial_branches": 3, "covered_branches": 5, "missing_branches": 13, "percent_branches_covered": 27.77777777777778, "percent_branches_covered_display": "28"}, "missing_lines": [2419, 2424, 2425, 2426, 2427, 2428, 2433, 2437, 2438, 2439, 2440, 2441, 2444], "excluded_lines": [], "start_line": 2404, "executed_branches": [[2406, 2410], [2406, 2412], [2418, 2436], [2436, 2443], [2443, 2448]], "missing_branches": [[2418, 2419], [2419, 2418], [2419, 2424], [2425, 2418], [2425, 2426], [2428, 2418], [2428, 2433], [2436, 2437], [2437, 2438], [2437, 2440], [2440, 2436], [2440, 2441], [2443, 2444]]}, "OpenWebUIClient._stream_delta_update": {"executed_lines": [], "summary": {"covered_lines": 0, "num_statements": 5, "percent_covered": 0.0, "percent_covered_display": "0", "missing_lines": 5, "excluded_lines": 0, "percent_statements_covered": 0.0, "percent_statements_covered_display": "0", "num_branches": 2, "num_partial_branches": 0, "covered_branches": 0, "missing_branches": 2, "percent_branches_covered": 0.0, "percent_branches_covered_display": "0"}, "missing_lines": [2462, 2463, 2465, 2489, 2490], "excluded_lines": [], "start_line": 2450, "executed_branches": [], "missing_branches": [[2462, 2463], [2462, 2465]]}, "OpenWebUIClient._stream_delta_update._send_delta_update": {"executed_lines": [], "summary": {"covered_lines": 0, "num_statements": 8, "percent_covered": 0.0, "percent_covered_display": "0", "missing_lines": 8, "excluded_lines": 0, "percent_statements_covered": 0.0, "percent_statements_covered_display": "0", "num_branches": 0, "num_partial_branches": 0, "covered_branches": 0, "missing_branches": 0, "percent_branches_covered": 100.0, "percent_branches_covered_display": "100"}, "missing_lines": [2467, 2468, 2470, 2472, 2478, 2479, 2482, 2484], "excluded_lines": [], "start_line": 2465, "executed_branches": [], "missing_branches": []}, "OpenWebUIClient._get_model_completion_stream": {"executed_lines": [2504, 2505, 2511, 2513, 2516, 2520, 2522, 2528, 2530, 2532, 2533, 2534, 2535, 2536, 2537, 2538, 2540, 2541, 2542, 2543, 2544, 2547, 2550, 2551, 2554, 2557, 2564], "summary": {"covered_lines": 27, "num_statements": 36, "percent_covered": 71.42857142857143, "percent_covered_display": "71", "missing_lines": 9, "excluded_lines": 0, "percent_statements_covered": 75.0, "percent_statements_covered_display": "75", "num_branches": 20, "num_partial_branches": 7, "covered_branches": 13, "missing_branches": 7, "percent_branches_covered": 65.0, "percent_branches_covered_display": "65"}, "missing_lines": [2512, 2514, 2548, 2559, 2560, 2563, 2565, 2566, 2569], "excluded_lines": [], "start_line": 2492, "executed_branches": [[2511, 2513], [2513, 2516], [2532, 2533], [2533, 2534], [2535, 2536], [2537, 2538], [2537, 2540], [2542, 2543], [2542, 2554], [2547, 2550], [2550, 2551], [2554, 2532], [2554, 2557]], "missing_branches": [[2511, 2512], [2513, 2514], [2532, 2564], [2533, 2532], [2535, 2532], [2547, 2548], [2550, 2554]]}, "OpenWebUIClient._handle_rag_references": {"executed_lines": [2575, 2576, 2577, 2578, 2579, 2580, 2581, 2584, 2585, 2586, 2587, 2588, 2589, 2590, 2598, 2606, 2610, 2613], "summary": {"covered_lines": 18, "num_statements": 18, "percent_covered": 100.0, "percent_covered_display": "100", "missing_lines": 0, "excluded_lines": 0, "percent_statements_covered": 100.0, "percent_statements_covered_display": "100", "num_branches": 14, "num_partial_branches": 0, "covered_branches": 14, "missing_branches": 0, "percent_branches_covered": 100.0, "percent_branches_covered_display": "100"}, "missing_lines": [], "excluded_lines": [], "start_line": 2571, "executed_branches": [[2576, 2577], [2576, 2584], [2578, 2579], [2578, 2584], [2579, 2578], [2579, 2580], [2584, 2585], [2584, 2613], [2586, 2587], [2586, 2613], [2587, 2588], [2587, 2610], [2588, 2589], [2588, 2606]], "missing_branches": []}, "OpenWebUIClient._get_task_model": {"executed_lines": [2618, 2619, 2622, 2623, 2624, 2625, 2626, 2627, 2628, 2629, 2630, 2631, 2635, 2636, 2637], "summary": {"covered_lines": 15, "num_statements": 17, "percent_covered": 85.71428571428571, "percent_covered_display": "86", "missing_lines": 2, "excluded_lines": 0, "percent_statements_covered": 88.23529411764706, "percent_statements_covered_display": "88", "num_branches": 4, "num_partial_branches": 1, "covered_branches": 3, "missing_branches": 1, "percent_branches_covered": 75.0, "percent_branches_covered_display": "75"}, "missing_lines": [2633, 2634], "excluded_lines": [], "start_line": 2615, "executed_branches": [[2618, 2619], [2618, 2622], [2628, 2629]], "missing_branches": [[2628, 2633]]}, "": {"executed_lines": [9, 10, 11, 12, 13, 14, 15, 18, 20, 21, 22, 23, 24, 25, 26, 27, 29, 32, 42, 80, 81, 84, 85, 88, 89, 92, 93, 96, 97, 100, 101, 104, 105, 108, 109, 112, 113, 116, 117, 120, 121, 124, 125, 128, 129, 132, 133, 136, 137, 140, 141, 144, 145, 148, 149, 153, 154, 159, 190, 221, 252, 294, 325, 356, 387, 499, 541, 575, 579, 583, 660, 664, 668, 672, 676, 702, 706, 712, 720, 726, 733, 740, 744, 778, 807, 811, 847, 883, 887, 1011, 1015, 1021, 1029, 1033, 1037, 1045, 1057, 1061, 1065, 1075, 1079, 1092, 1100, 1104, 1108, 1120, 1124, 1136, 1149, 1153, 1165, 1169, 1180, 1184, 1192, 1202, 1208, 1212, 1216, 1224, 1228, 1229, 1241, 1424, 1430, 1472, 1506, 1535, 1556, 1568, 1572, 1596, 1607, 1620, 1669, 1710, 1849, 1902, 1972, 2028, 2067, 2223, 2338, 2370, 2404, 2450, 2492, 2571, 2615], "summary": {"covered_lines": 149, "num_statements": 149, "percent_covered": 100.0, "percent_covered_display": "100", "missing_lines": 0, "excluded_lines": 0, "percent_statements_covered": 100.0, "percent_statements_covered_display": "100", "num_branches": 0, "num_partial_branches": 0, "covered_branches": 0, "missing_branches": 0, "percent_branches_covered": 100.0, "percent_branches_covered_display": "100"}, "missing_lines": [], "excluded_lines": [], "start_line": 1, "executed_branches": [], "missing_branches": []}}, "classes": {"OpenWebUIClient": {"executed_lines": [59, 62, 65, 68, 69, 70, 71, 72, 73, 76, 82, 86, 90, 94, 98, 102, 106, 110, 114, 118, 122, 126, 130, 138, 151, 156, 157, 163, 170, 171, 174, 175, 180, 206, 237, 275, 310, 341, 372, 416, 417, 420, 423, 426, 432, 433, 435, 437, 438, 448, 449, 451, 455, 456, 459, 460, 463, 465, 474, 475, 477, 483, 487, 488, 490, 531, 565, 577, 581, 607, 614, 617, 619, 622, 623, 624, 625, 627, 630, 632, 633, 634, 635, 636, 637, 638, 640, 642, 643, 644, 645, 646, 647, 648, 652, 655, 658, 662, 666, 670, 674, 704, 710, 714, 724, 731, 738, 742, 751, 752, 754, 755, 760, 761, 762, 763, 766, 767, 768, 770, 775, 776, 782, 783, 784, 785, 788, 789, 790, 791, 792, 793, 794, 795, 797, 798, 799, 800, 802, 803, 805, 809, 831, 867, 885, 898, 901, 902, 905, 908, 909, 911, 913, 914, 915, 916, 918, 919, 921, 922, 923, 924, 926, 932, 937, 938, 941, 942, 944, 945, 946, 949, 952, 956, 958, 960, 961, 962, 965, 966, 968, 969, 970, 971, 973, 974, 979, 980, 981, 982, 983, 984, 985, 986, 990, 993, 1002, 1005, 1013, 1019, 1025, 1031, 1035, 1041, 1049, 1059, 1063, 1073, 1077, 1088, 1094, 1102, 1116, 1145, 1206, 1214, 1226, 1232, 1234, 1235, 1259, 1262, 1263, 1265, 1267, 1268, 1270, 1279, 1281, 1283, 1285, 1286, 1287, 1288, 1289, 1290, 1293, 1294, 1299, 1302, 1303, 1306, 1307, 1308, 1309, 1310, 1312, 1313, 1316, 1317, 1318, 1319, 1320, 1324, 1325, 1326, 1331, 1332, 1333, 1334, 1335, 1336, 1342, 1343, 1346, 1347, 1348, 1349, 1350, 1352, 1356, 1374, 1375, 1380, 1381, 1382, 1383, 1384, 1385, 1386, 1394, 1395, 1413, 1416, 1426, 1432, 1435, 1436, 1437, 1438, 1439, 1441, 1442, 1445, 1446, 1447, 1449, 1452, 1453, 1454, 1456, 1457, 1460, 1461, 1462, 1464, 1467, 1469, 1470, 1474, 1475, 1476, 1480, 1481, 1484, 1485, 1488, 1490, 1491, 1493, 1494, 1495, 1496, 1498, 1501, 1502, 1503, 1504, 1508, 1509, 1510, 1515, 1516, 1517, 1518, 1519, 1521, 1522, 1523, 1524, 1526, 1527, 1530, 1531, 1532, 1533, 1537, 1538, 1539, 1544, 1545, 1546, 1547, 1548, 1550, 1551, 1552, 1553, 1554, 1558, 1559, 1562, 1563, 1564, 1565, 1566, 1570, 1576, 1577, 1578, 1579, 1580, 1581, 1582, 1583, 1584, 1590, 1592, 1593, 1594, 1600, 1601, 1602, 1603, 1604, 1605, 1609, 1610, 1615, 1616, 1617, 1618, 1624, 1625, 1626, 1627, 1629, 1630, 1631, 1633, 1635, 1636, 1637, 1638, 1640, 1641, 1642, 1643, 1644, 1645, 1646, 1647, 1648, 1649, 1650, 1651, 1654, 1657, 1658, 1659, 1660, 1661, 1662, 1673, 1674, 1675, 1676, 1678, 1679, 1680, 1682, 1684, 1685, 1686, 1687, 1689, 1690, 1691, 1692, 1693, 1694, 1695, 1697, 1698, 1706, 1707, 1708, 1859, 1860, 1863, 1864, 1865, 1866, 1871, 1877, 1878, 1879, 1880, 1881, 1882, 1883, 1886, 1890, 1891, 1892, 1893, 1894, 1895, 1896, 1899, 1900, 1981, 1982, 1988, 1989, 1990, 1994, 1996, 1997, 2001, 2005, 2006, 2011, 2012, 2013, 2014, 2015, 2016, 2017, 2020, 2021, 2022, 2023, 2228, 2235, 2236, 2239, 2240, 2242, 2249, 2250, 2255, 2256, 2259, 2263, 2269, 2270, 2271, 2272, 2275, 2289, 2305, 2306, 2308, 2311, 2312, 2315, 2318, 2320, 2321, 2322, 2323, 2324, 2326, 2327, 2329, 2333, 2336, 2340, 2346, 2349, 2351, 2368, 2406, 2410, 2412, 2413, 2414, 2417, 2418, 2436, 2443, 2448, 2504, 2505, 2511, 2513, 2516, 2520, 2522, 2528, 2530, 2532, 2533, 2534, 2535, 2536, 2537, 2538, 2540, 2541, 2542, 2543, 2544, 2547, 2550, 2551, 2554, 2557, 2564, 2575, 2576, 2577, 2578, 2579, 2580, 2581, 2584, 2585, 2586, 2587, 2588, 2589, 2590, 2598, 2606, 2610, 2613, 2618, 2619, 2622, 2623, 2624, 2625, 2626, 2627, 2628, 2629, 2630, 2631, 2635, 2636, 2637], "summary": {"covered_lines": 603, "num_statements": 919, "percent_covered": 63.34125098970705, "percent_covered_display": "63", "missing_lines": 316, "excluded_lines": 0, "percent_statements_covered": 65.61479869423286, "percent_statements_covered_display": "66", "num_branches": 344, "num_partial_branches": 41, "covered_branches": 197, "missing_branches": 147, "percent_branches_covered": 57.26744186046512, "percent_branches_covered_display": "57"}, "missing_lines": [134, 142, 146, 176, 181, 182, 427, 428, 484, 485, 650, 700, 953, 996, 997, 998, 1106, 1122, 1132, 1151, 1161, 1167, 1176, 1182, 1188, 1196, 1210, 1218, 1295, 1296, 1297, 1298, 1314, 1337, 1338, 1357, 1358, 1359, 1362, 1363, 1371, 1402, 1403, 1404, 1411, 1418, 1419, 1420, 1421, 1422, 1655, 1656, 1663, 1664, 1667, 1699, 1700, 1701, 1703, 1704, 1720, 1721, 1722, 1723, 1724, 1727, 1729, 1733, 1734, 1735, 1736, 1737, 1738, 1739, 1742, 1747, 1749, 1750, 1755, 1756, 1757, 1759, 1762, 1772, 1773, 1774, 1775, 1776, 1779, 1780, 1781, 1782, 1786, 1787, 1799, 1802, 1806, 1807, 1810, 1811, 1812, 1816, 1817, 1818, 1820, 1821, 1822, 1824, 1827, 1828, 1829, 1831, 1835, 1836, 1840, 1844, 1846, 1847, 1908, 1909, 1910, 1913, 1915, 1916, 1921, 1923, 1927, 1928, 1929, 1930, 1932, 1933, 1934, 1935, 1937, 1938, 1939, 1942, 1943, 1946, 1948, 1952, 1955, 1957, 1958, 1960, 1961, 1962, 1963, 1964, 1965, 1966, 1967, 1970, 2024, 2025, 2026, 2038, 2039, 2040, 2041, 2042, 2043, 2044, 2047, 2052, 2053, 2057, 2058, 2060, 2063, 2065, 2079, 2080, 2082, 2083, 2084, 2087, 2088, 2091, 2094, 2095, 2096, 2099, 2101, 2104, 2107, 2108, 2109, 2110, 2111, 2112, 2113, 2116, 2121, 2125, 2126, 2131, 2132, 2133, 2134, 2135, 2136, 2137, 2140, 2141, 2144, 2145, 2146, 2147, 2148, 2149, 2152, 2153, 2156, 2159, 2160, 2161, 2163, 2166, 2167, 2168, 2169, 2170, 2171, 2174, 2175, 2182, 2183, 2184, 2187, 2188, 2189, 2192, 2193, 2194, 2197, 2198, 2203, 2204, 2209, 2210, 2212, 2214, 2216, 2217, 2219, 2220, 2221, 2232, 2233, 2243, 2246, 2260, 2264, 2265, 2266, 2307, 2344, 2352, 2358, 2359, 2360, 2361, 2366, 2372, 2376, 2378, 2382, 2383, 2388, 2389, 2390, 2391, 2392, 2398, 2399, 2400, 2402, 2419, 2424, 2425, 2426, 2427, 2428, 2433, 2437, 2438, 2439, 2440, 2441, 2444, 2462, 2463, 2465, 2467, 2468, 2470, 2472, 2478, 2479, 2482, 2484, 2489, 2490, 2512, 2514, 2548, 2559, 2560, 2563, 2565, 2566, 2569, 2633, 2634], "excluded_lines": [], "start_line": 32, "executed_branches": [[163, -159], [163, 170], [175, 180], [426, 432], [432, 433], [432, 435], [437, 438], [437, 459], [448, 449], [448, 455], [483, 487], [607, 614], [607, 619], [622, 623], [622, 655], [623, 624], [623, 627], [632, 633], [632, 642], [635, 636], [635, 640], [642, 643], [642, 652], [645, 646], [751, 752], [751, 754], [754, 755], [754, 760], [760, 761], [760, 775], [761, 762], [761, 766], [767, 768], [767, 770], [783, 784], [783, 788], [789, 790], [789, 797], [792, 793], [794, 795], [798, 799], [798, 805], [799, 800], [799, 802], [901, 902], [901, 908], [908, 909], [908, 937], [911, 913], [911, 919], [913, 914], [913, 944], [915, 916], [915, 918], [919, 921], [922, 923], [922, 926], [937, 938], [937, 942], [944, 945], [944, 949], [952, 956], [965, 966], [965, 968], [979, 980], [979, 1002], [984, 985], [984, 990], [1262, 1263], [1262, 1265], [1283, 1285], [1283, 1302], [1286, 1287], [1286, 1293], [1294, 1299], [1308, 1309], [1308, 1310], [1312, 1313], [1316, 1317], [1316, 1324], [1331, 1332], [1331, 1342], [1335, 1336], [1347, 1348], [1347, 1352], [1349, 1347], [1349, 1350], [1356, 1374], [1380, 1381], [1380, 1413], [1384, 1385], [1384, 1394], [1436, 1437], [1436, 1452], [1441, 1442], [1445, 1446], [1445, 1449], [1453, 1454], [1453, 1469], [1456, 1457], [1460, 1461], [1460, 1464], [1484, 1485], [1484, 1490], [1490, 1491], [1490, 1498], [1493, 1494], [1517, 1518], [1517, 1521], [1522, 1523], [1522, 1526], [1546, 1547], [1546, 1550], [1578, 1579], [1578, 1594], [1580, 1581], [1580, 1592], [1582, 1583], [1582, 1590], [1583, 1584], [1602, 1603], [1602, 1605], [1625, 1626], [1625, 1629], [1640, 1641], [1643, 1644], [1647, 1648], [1674, 1675], [1674, 1678], [1689, 1690], [1693, 1694], [1693, 1697], [1859, 1860], [1859, 1863], [1877, 1878], [1877, 1886], [1879, 1877], [1879, 1880], [1890, 1891], [1890, 1899], [1892, 1890], [1892, 1893], [1988, 1989], [1988, 1994], [1994, 1996], [1994, 2001], [2228, 2235], [2242, 2249], [2259, 2263], [2263, 2269], [2270, 2271], [2270, 2318], [2305, 2306], [2305, 2311], [2306, 2308], [2318, 2320], [2321, 2322], [2322, 2321], [2322, 2323], [2326, 2327], [2340, 2346], [2351, 2368], [2406, 2410], [2406, 2412], [2418, 2436], [2436, 2443], [2443, 2448], [2511, 2513], [2513, 2516], [2532, 2533], [2533, 2534], [2535, 2536], [2537, 2538], [2537, 2540], [2542, 2543], [2542, 2554], [2547, 2550], [2550, 2551], [2554, 2532], [2554, 2557], [2576, 2577], [2576, 2584], [2578, 2579], [2578, 2584], [2579, 2578], [2579, 2580], [2584, 2585], [2584, 2613], [2586, 2587], [2586, 2613], [2587, 2588], [2587, 2610], [2588, 2589], [2588, 2606], [2618, 2619], [2618, 2622], [2628, 2629]], "missing_branches": [[175, 176], [426, 427], [483, 484], [645, 650], [792, 789], [794, 789], [919, 944], [952, 953], [1294, 1295], [1312, 1314], [1335, 1331], [1356, 1357], [1358, 1359], [1358, 1362], [1441, 1445], [1456, 1460], [1493, 1495], [1583, 1582], [1640, 1655], [1643, 1655], [1647, 1655], [1689, 1703], [1720, 1721], [1720, 1722], [1735, 1736], [1735, 1742], [1736, 1737], [1736, 1742], [1738, 1736], [1738, 1739], [1755, 1756], [1755, 1757], [1772, 1773], [1772, 1779], [1773, 1774], [1773, 1779], [1775, 1773], [1775, 1776], [1781, 1782], [1781, 1786], [1817, 1818], [1817, 1847], [1821, 1822], [1821, 1846], [1828, 1829], [1828, 1844], [1835, 1836], [1835, 1840], [1909, 1910], [1909, 1915], [1932, 1933], [1932, 1957], [1935, 1937], [1935, 1957], [1938, 1939], [1938, 1952], [1942, 1943], [1942, 1948], [2040, 2041], [2040, 2047], [2041, 2042], [2041, 2047], [2043, 2041], [2043, 2044], [2058, 2060], [2058, 2065], [2079, 2080], [2079, 2082], [2087, 2088], [2087, 2091], [2095, 2096], [2095, 2101], [2109, 2110], [2109, 2116], [2110, 2111], [2110, 2116], [2112, 2110], [2112, 2113], [2133, 2134], [2133, 2140], [2134, 2135], [2134, 2140], [2136, 2134], [2136, 2137], [2163, 2166], [2163, 2182], [2166, 2167], [2166, 2168], [2168, 2169], [2168, 2170], [2188, 2189], [2188, 2197], [2193, 2194], [2193, 2197], [2209, 2210], [2209, 2212], [2228, 2232], [2242, 2243], [2259, 2260], [2263, 2264], [2264, 2263], [2264, 2265], [2306, 2307], [2318, 2333], [2321, 2326], [2326, 2333], [2340, 2344], [2351, 2352], [2352, 2351], [2352, 2358], [2359, 2351], [2359, 2360], [2361, 2351], [2361, 2366], [2372, 2376], [2372, 2378], [2382, 2383], [2382, 2402], [2383, 2382], [2383, 2388], [2389, 2382], [2389, 2390], [2392, 2382], [2392, 2398], [2418, 2419], [2419, 2418], [2419, 2424], [2425, 2418], [2425, 2426], [2428, 2418], [2428, 2433], [2436, 2437], [2437, 2438], [2437, 2440], [2440, 2436], [2440, 2441], [2443, 2444], [2462, 2463], [2462, 2465], [2511, 2512], [2513, 2514], [2532, 2564], [2533, 2532], [2535, 2532], [2547, 2548], [2550, 2554], [2628, 2633]]}, "": {"executed_lines": [9, 10, 11, 12, 13, 14, 15, 18, 20, 21, 22, 23, 24, 25, 26, 27, 29, 32, 42, 80, 81, 84, 85, 88, 89, 92, 93, 96, 97, 100, 101, 104, 105, 108, 109, 112, 113, 116, 117, 120, 121, 124, 125, 128, 129, 132, 133, 136, 137, 140, 141, 144, 145, 148, 149, 153, 154, 159, 190, 221, 252, 294, 325, 356, 387, 499, 541, 575, 579, 583, 660, 664, 668, 672, 676, 702, 706, 712, 720, 726, 733, 740, 744, 778, 807, 811, 847, 883, 887, 1011, 1015, 1021, 1029, 1033, 1037, 1045, 1057, 1061, 1065, 1075, 1079, 1092, 1100, 1104, 1108, 1120, 1124, 1136, 1149, 1153, 1165, 1169, 1180, 1184, 1192, 1202, 1208, 1212, 1216, 1224, 1228, 1229, 1241, 1424, 1430, 1472, 1506, 1535, 1556, 1568, 1572, 1596, 1607, 1620, 1669, 1710, 1849, 1902, 1972, 2028, 2067, 2223, 2338, 2370, 2404, 2450, 2492, 2571, 2615], "summary": {"covered_lines": 149, "num_statements": 149, "percent_covered": 100.0, "percent_covered_display": "100", "missing_lines": 0, "excluded_lines": 0, "percent_statements_covered": 100.0, "percent_statements_covered_display": "100", "num_branches": 0, "num_partial_branches": 0, "covered_branches": 0, "missing_branches": 0, "percent_branches_covered": 100.0, "percent_branches_covered_display": "100"}, "missing_lines": [], "excluded_lines": [], "start_line": 1, "executed_branches": [], "missing_branches": []}}}}, "totals": {"covered_lines": 3496, "num_statements": 5076, "percent_covered": 66.50413711583924, "percent_covered_display": "67", "missing_lines": 1580, "excluded_lines": 18, "percent_statements_covered": 68.87312844759653, "percent_statements_covered_display": "69", "num_branches": 1692, "num_partial_branches": 287, "covered_branches": 1005, "missing_branches": 687, "percent_branches_covered": 59.39716312056738, "percent_branches_covered_display": "59"}}